Project dir: /home/nabinadhikari/tree_canopy_project
Python: /home/nabinadhikari/.conda/envs/dl/bin/python
Conda env: dl
Data root: /home/nabinadhikari/tree_canopy_project/data
Runs root: /home/nabinadhikari/tree_canopy_project/runs
Reference year: 2015
Test year: 2023
torch: 2.11.0+cu130
cuda available: True
gpu: NVIDIA A30
mps available: False
== Prepare dataset ==
[ALIGN LABEL] -> NLCD grid
Saved manifest to /home/nabinadhikari/tree_canopy_project/runs/prepare_2023/manifest.json
Saved stats to /home/nabinadhikari/tree_canopy_project/runs/prepare_2023/stats.json
== Random Forest baseline ==
[ALIGN LABEL] -> NLCD grid
[ALIGN LABEL] -> NLCD grid
{'r2': 0.5465096465509565, 'mae': 20.91863311293757, 'rmse': 31.053108431545752, 'feature_names': ['nlcd', 'ndvi', 'lst', 'tmean'], 'reference_year': 2015, 'num_eval_pixels': 533248}
Saved RF prediction to /home/nabinadhikari/tree_canopy_project/runs/rf_2023/pred_2023.tif
{'model': {'mae': 20.92209714917779, 'rmse': 30.47685859521791, 'r2': 0.5599980138279254, 'bias': 5.795041069848679}, 'nlcd': {'mae': 17.433451160012513, 'rmse': 29.605267045983325, 'r2': 0.584804916157726, 'bias': -6.463192811374342}}
== U-Net baseline ==
[ALIGN LABEL] -> NLCD grid
[ALIGN LABEL] -> NLCD grid
Using device: cuda
Val metrics: {'mae': 25.412685382254498, 'rmse': 30.226964393559705, 'r2': 0.5558872062834155, 'bias': 8.980385160066483}
Val metrics: {'mae': 22.435644731742006, 'rmse': 27.793073851232283, 'r2': 0.6245281536974645, 'bias': 8.698303991915092}
Val metrics: {'mae': 21.619195337431876, 'rmse': 27.69611666075941, 'r2': 0.6271432797489882, 'bias': 10.63727195294331}
Val metrics: {'mae': 19.37672023719135, 'rmse': 25.41665184389781, 'r2': 0.6859918679362662, 'bias': 5.9295646731514235}
Val metrics: {'mae': 19.283990347365016, 'rmse': 25.563068969090434, 'r2': 0.6823636485156318, 'bias': 8.085169636919954}
Val metrics: {'mae': 18.373516839735576, 'rmse': 24.38342992866656, 'r2': 0.7110026850465042, 'bias': 5.584480305340295}
Val metrics: {'mae': 17.460041242408558, 'rmse': 24.208024649426203, 'r2': 0.715145607225237, 'bias': 6.549878479671312}
Val metrics: {'mae': 16.636592855171457, 'rmse': 23.705414528498096, 'r2': 0.7268511832563566, 'bias': 6.055060516332293}
Val metrics: {'mae': 16.157903191996855, 'rmse': 23.358766816066172, 'r2': 0.7347813635785003, 'bias': 2.2395309606474325}
Val metrics: {'mae': 15.549940734101009, 'rmse': 22.883799896304872, 'r2': 0.7454573868137162, 'bias': 3.74951302252077}
Val metrics: {'mae': 15.019660457329799, 'rmse': 22.6452857250899, 'r2': 0.7507358479851467, 'bias': 2.29294291375975}
Val metrics: {'mae': 14.702799787491783, 'rmse': 22.28068772407405, 'r2': 0.7586977347133865, 'bias': 1.9253004993904934}
Val metrics: {'mae': 14.961754508070706, 'rmse': 23.002354465819614, 'r2': 0.7428131266944469, 'bias': 5.277262552256988}
Val metrics: {'mae': 14.174928276717557, 'rmse': 22.919956411050382, 'r2': 0.744652394244621, 'bias': 3.325911473140174}
Val metrics: {'mae': 14.240038959435745, 'rmse': 22.664964152408448, 'r2': 0.7503024458368782, 'bias': 4.891932161846368}
Val metrics: {'mae': 14.470753089371367, 'rmse': 22.90378535647157, 'r2': 0.7450125854520923, 'bias': 5.1114532283453435}
Val metrics: {'mae': 13.209008192461086, 'rmse': 22.248898314609786, 'r2': 0.7593858090078671, 'bias': 0.12053074450593491}
Val metrics: {'mae': 13.296288619878148, 'rmse': 22.15327875487578, 'r2': 0.7614495501369898, 'bias': 2.655090660861835}
Val metrics: {'mae': 13.393057940857757, 'rmse': 22.332714059425783, 'r2': 0.7575695173197239, 'bias': 1.6484493715250568}
Val metrics: {'mae': 13.057548021872009, 'rmse': 22.317307808070307, 'r2': 0.7579038839053696, 'bias': 1.5885728218737936}
Val metrics: {'mae': 13.304929677977103, 'rmse': 22.55655176368102, 'r2': 0.7526854689009972, 'bias': 2.9147293005127}
Val metrics: {'mae': 12.997874225526845, 'rmse': 22.55301134639962, 'r2': 0.7527630984902483, 'bias': 1.565343768700737}
Val metrics: {'mae': 13.3216242777252, 'rmse': 23.041700367925838, 'r2': 0.7419325295255139, 'bias': 3.1678354595776854}
Val metrics: {'mae': 13.099197911548062, 'rmse': 22.822352298508385, 'r2': 0.746822547541562, 'bias': -0.383579435271313}
Val metrics: {'mae': 12.95846643243868, 'rmse': 22.43509133464196, 'r2': 0.7553417307222539, 'bias': 1.9527800948280456}
Val metrics: {'mae': 12.97078260396256, 'rmse': 22.5935140241307, 'r2': 0.7518742816326943, 'bias': 1.9624953712306952}
Val metrics: {'mae': 12.644567604013258, 'rmse': 22.39473918172788, 'r2': 0.756221032645354, 'bias': 1.4631174387761712}
Val metrics: {'mae': 12.49737784303336, 'rmse': 22.68261208479616, 'r2': 0.7499134435753185, 'bias': 0.1346479800661505}
Val metrics: {'mae': 12.811187582545596, 'rmse': 22.65303223934879, 'r2': 0.7505652819258024, 'bias': 1.1911944000612478}
Val metrics: {'mae': 12.902077559134005, 'rmse': 22.587159888191444, 'r2': 0.7520138263569136, 'bias': 0.4430462262545658}
Val metrics: {'mae': 12.675099430618596, 'rmse': 22.628216311619518, 'r2': 0.7511114837223967, 'bias': 1.3094576089434389}
Val metrics: {'mae': 12.772581144702253, 'rmse': 22.740579536599753, 'r2': 0.748633572950915, 'bias': 0.004118905293504919}
Val metrics: {'mae': 12.708497495036656, 'rmse': 22.84639740059504, 'r2': 0.746288782701822, 'bias': 1.3908390395255632}
Val metrics: {'mae': 12.614156627421275, 'rmse': 22.727185678854667, 'r2': 0.7489295878060482, 'bias': 0.24547429287709416}
Val metrics: {'mae': 12.845472809417254, 'rmse': 23.12853462527536, 'r2': 0.739983773842541, 'bias': -0.7895382353072932}
Val metrics: {'mae': 12.706462022108989, 'rmse': 22.695568690511735, 'r2': 0.7496276565295013, 'bias': 1.1295316240784932}
Val metrics: {'mae': 12.710974933906831, 'rmse': 22.927221860951263, 'r2': 0.7444904821320384, 'bias': 0.2402343004762525}
Val metrics: {'mae': 12.667923851560454, 'rmse': 22.899082569188348, 'r2': 0.7451172867878924, 'bias': 0.12589319779754027}
Val metrics: {'mae': 12.713801492937367, 'rmse': 22.919545906278906, 'r2': 0.7446615409000485, 'bias': 0.5963038882023121}
Val metrics: {'mae': 12.795360741371463, 'rmse': 23.018951129966023, 'r2': 0.7424418617398203, 'bias': 0.429503961346552}
Test metrics: {'mae': 15.983481889423505, 'rmse': 27.304199458107057, 'r2': 0.6492597711539804, 'bias': 6.812797831277104}
Using device: cuda
Saved prediction to /home/nabinadhikari/tree_canopy_project/runs/unet_2023/pred_2023.tif
{'model': {'mae': 15.938162792554012, 'rmse': 26.89755500721502, 'r2': 0.6572795698781113, 'bias': 7.246917485552664}, 'nlcd': {'mae': 17.433449704331746, 'rmse': 29.605261491812495, 'r2': 0.584804929806954, 'bias': -6.463183539326043}}
== U-Net + consistency ==
[ALIGN LABEL] -> NLCD grid
[ALIGN LABEL] -> NLCD grid
Using device: cuda
Val metrics: {'mae': 24.78286605740293, 'rmse': 29.918207292786693, 'r2': 0.5649137593264184, 'bias': 9.602238360166858}
Val metrics: {'mae': 22.801494633589364, 'rmse': 28.393907726555103, 'r2': 0.6081186922546473, 'bias': 10.279041295309082}
Val metrics: {'mae': 21.749489575276456, 'rmse': 27.451349462921495, 'r2': 0.6337044754838181, 'bias': 9.667011803832954}
Val metrics: {'mae': 20.049027055238028, 'rmse': 25.940492004512322, 'r2': 0.6729149960392165, 'bias': 7.981102474194771}
Val metrics: {'mae': 18.775950703142385, 'rmse': 25.02392685768715, 'r2': 0.6956206821921611, 'bias': 6.545757042445888}
Val metrics: {'mae': 18.258133429824376, 'rmse': 24.45592727657239, 'r2': 0.7092816240034462, 'bias': 6.449438360006199}
Val metrics: {'mae': 17.66020059310769, 'rmse': 24.27009760612549, 'r2': 0.7136829167362935, 'bias': 6.354831503513311}
Val metrics: {'mae': 16.930677185817927, 'rmse': 23.912240625444294, 'r2': 0.7220640275083814, 'bias': 6.048919625084068}
Val metrics: {'mae': 17.06495391712052, 'rmse': 24.007605466677052, 'r2': 0.7198427239108296, 'bias': 7.0212772578860765}
Val metrics: {'mae': 16.27556480381538, 'rmse': 23.47241015481752, 'r2': 0.732194441945905, 'bias': 5.558121607121009}
Val metrics: {'mae': 15.681749516211088, 'rmse': 22.912905426721775, 'r2': 0.7448094778789075, 'bias': 3.6479506274025475}
Val metrics: {'mae': 15.245965025188298, 'rmse': 22.70198673986761, 'r2': 0.7494860315905987, 'bias': 4.130361537913583}
Val metrics: {'mae': 14.639453843785217, 'rmse': 22.846482966536783, 'r2': 0.7462868822639095, 'bias': 4.3716248334486645}
Val metrics: {'mae': 14.19267826199867, 'rmse': 22.27060221176355, 'r2': 0.7589161396559211, 'bias': 0.8292279217744841}
Val metrics: {'mae': 14.335306383599226, 'rmse': 22.523010998924427, 'r2': 0.7534204173387642, 'bias': 3.43167224270676}
Val metrics: {'mae': 14.298792664290199, 'rmse': 22.739109843533498, 'r2': 0.7486660628491077, 'bias': 3.0122770467174664}
Val metrics: {'mae': 13.658267594838849, 'rmse': 22.398822296061926, 'r2': 0.7561321306823693, 'bias': 3.271474423288524}
Val metrics: {'mae': 13.401355900093206, 'rmse': 22.458949256211564, 'r2': 0.7548211051251822, 'bias': 1.565236812724361}
Val metrics: {'mae': 13.180137364986921, 'rmse': 22.486728222573056, 'r2': 0.7542142175751165, 'bias': 2.783604752264126}
Val metrics: {'mae': 13.304033948500402, 'rmse': 22.179062331399873, 'r2': 0.760893942711948, 'bias': 1.4029558963374256}
Val metrics: {'mae': 13.711311458232265, 'rmse': 22.714964081377165, 'r2': 0.7491995426097904, 'bias': 4.052472063268815}
Val metrics: {'mae': 13.451640900762092, 'rmse': 22.324174793658297, 'r2': 0.757754876119694, 'bias': 2.1897939370127064}
Val metrics: {'mae': 13.05163346453056, 'rmse': 22.164293686669236, 'r2': 0.7612122696686435, 'bias': 1.005499141448774}
Val metrics: {'mae': 13.071681654859631, 'rmse': 22.319728537546258, 'r2': 0.7578513613526241, 'bias': 0.9550471592648738}
Val metrics: {'mae': 12.89879400652947, 'rmse': 22.352031866231922, 'r2': 0.7571499309934279, 'bias': 1.039045056927037}
Val metrics: {'mae': 13.525326945791502, 'rmse': 22.748643962543397, 'r2': 0.7484552586410887, 'bias': 2.6522457405240156}
Val metrics: {'mae': 12.898465879226414, 'rmse': 22.727394955061268, 'r2': 0.7489249639774661, 'bias': 2.0610255244340245}
Val metrics: {'mae': 14.122810603291235, 'rmse': 23.197719247582732, 'r2': 0.7384258688374605, 'bias': 3.918879182474258}
Val metrics: {'mae': 12.56255827633047, 'rmse': 22.25298654664251, 'r2': 0.7592973752341697, 'bias': 0.7798079482879511}
Val metrics: {'mae': 12.904671033402545, 'rmse': 22.721923932312432, 'r2': 0.7490458288546715, 'bias': -0.19843821128810343}
Val metrics: {'mae': 13.405092043721677, 'rmse': 23.16582269027813, 'r2': 0.7391446962533486, 'bias': 2.883153326624938}
Val metrics: {'mae': 12.86156388081648, 'rmse': 22.566475685691707, 'r2': 0.7524678053108518, 'bias': 1.3525918730569373}
Val metrics: {'mae': 12.989989418766951, 'rmse': 22.80888234092969, 'r2': 0.7471213145668121, 'bias': 1.889157491953029}
Val metrics: {'mae': 12.793404911362988, 'rmse': 22.76127814811213, 'r2': 0.7481757742493377, 'bias': 1.7199025864999784}
Val metrics: {'mae': 13.109960379368777, 'rmse': 22.943212920988774, 'r2': 0.7441339371523363, 'bias': 2.624626926500068}
Val metrics: {'mae': 13.187891244963303, 'rmse': 22.943692675444936, 'r2': 0.74412323645687, 'bias': 2.7286766725406313}
Val metrics: {'mae': 12.820106903493533, 'rmse': 22.855427726770877, 'r2': 0.7460881779588886, 'bias': 1.8733482880951629}
Val metrics: {'mae': 12.773686803373144, 'rmse': 22.635250281883266, 'r2': 0.7509567259194372, 'bias': 1.7544114287571353}
Val metrics: {'mae': 13.025362132144695, 'rmse': 22.869723328425415, 'r2': 0.7457704453400635, 'bias': 2.4164722138502275}
Val metrics: {'mae': 12.937555189032356, 'rmse': 22.748900845596108, 'r2': 0.7484495776039246, 'bias': 2.0038264139274258}
Test metrics: {'mae': 15.530139303629102, 'rmse': 27.026380866961723, 'r2': 0.6563609807930552, 'bias': 4.8676606216641645}
Using device: cuda
Saved prediction to /home/nabinadhikari/tree_canopy_project/runs/unet_consistency_2023/pred_2023.tif
{'model': {'mae': 15.378361765947368, 'rmse': 26.31168190966687, 'r2': 0.672047001631322, 'bias': 5.362135283796126}, 'nlcd': {'mae': 17.433449704331746, 'rmse': 29.605261491812495, 'r2': 0.584804929806954, 'bias': -6.463183539326043}}
== Prithvi 100M baseline ==
[ALIGN LABEL] -> NLCD grid
[ALIGN LABEL] -> NLCD grid
Using device: cuda

Prithvi checkpoint loaded
Loaded keys: 148
Missing keys: 2
Unexpected keys: 0

Val metrics: {'mae': 25.02890077791705, 'rmse': 36.780928192233574, 'r2': 0.34241850247125305, 'bias': -1.4450127449294465}
Val metrics: {'mae': 24.959576381176156, 'rmse': 37.06795162742869, 'r2': 0.33211546011177207, 'bias': -0.17931338130936106}
Val metrics: {'mae': 25.394450728691087, 'rmse': 36.096381980958505, 'r2': 0.36666780889101347, 'bias': -3.152519787382549}
Val metrics: {'mae': 25.244746178063664, 'rmse': 36.07888235058266, 'r2': 0.3672817425922327, 'bias': 2.939812986145574}
Val metrics: {'mae': 24.784330112638457, 'rmse': 36.252081012404155, 'r2': 0.36119236370665, 'bias': 1.9953444834135605}
Val metrics: {'mae': 24.6769983991562, 'rmse': 36.11409605797178, 'r2': 0.36604604862617274, 'bias': -0.5668071526311215}
Val metrics: {'mae': 24.660911580681045, 'rmse': 36.29157307819881, 'r2': 0.3597998050580171, 'bias': 0.04792817686096876}
Val metrics: {'mae': 24.28138890722099, 'rmse': 36.4405794026458, 'r2': 0.35453193130953375, 'bias': -0.9713549161688959}
Val metrics: {'mae': 25.248591546174964, 'rmse': 36.054117563449275, 'r2': 0.36815004860619716, 'bias': 0.514839466928179}
Val metrics: {'mae': 24.29955478911518, 'rmse': 36.4555336674861, 'r2': 0.35400205603472623, 'bias': 0.6090046382656814}
Val metrics: {'mae': 24.597956255643645, 'rmse': 36.51005787071969, 'r2': 0.35206825561139254, 'bias': -2.357624255827672}
Val metrics: {'mae': 24.077262421083272, 'rmse': 37.06380615866548, 'r2': 0.3322648365708678, 'bias': -2.8266751920034903}
Val metrics: {'mae': 24.061317610026897, 'rmse': 37.04755856758559, 'r2': 0.3328501358729141, 'bias': -3.005563190234045}
Val metrics: {'mae': 24.38101080136213, 'rmse': 36.70737680329111, 'r2': 0.34504582460316346, 'bias': -1.2373489716303265}
Val metrics: {'mae': 23.9486273129669, 'rmse': 36.93316340402303, 'r2': 0.33696381529481234, 'bias': -0.48748922739263534}
Val metrics: {'mae': 24.112606834144568, 'rmse': 36.813187109226625, 'r2': 0.3412645256458009, 'bias': -0.831547500161744}
Val metrics: {'mae': 23.873976257938715, 'rmse': 37.20417737002351, 'r2': 0.3271974516408084, 'bias': -1.8111834714397543}
Val metrics: {'mae': 23.859317145468314, 'rmse': 37.304620330786726, 'r2': 0.3235597148126792, 'bias': -1.568223782586338}
Val metrics: {'mae': 23.931746603874455, 'rmse': 37.22209678393808, 'r2': 0.32654918407282074, 'bias': -0.8417248931158536}
Val metrics: {'mae': 23.830619384537012, 'rmse': 37.25877136491469, 'r2': 0.32522144081114757, 'bias': -0.7724722493152731}
Val metrics: {'mae': 23.81199231530303, 'rmse': 37.42636436825056, 'r2': 0.31913736980820806, 'bias': -0.6719037082668569}
Val metrics: {'mae': 23.816593108939134, 'rmse': 37.50447780239713, 'r2': 0.31629231550242554, 'bias': -0.9093806191365563}
Val metrics: {'mae': 23.816032068750236, 'rmse': 37.53047366508648, 'r2': 0.3153441764045728, 'bias': -1.1808052586578281}
Val metrics: {'mae': 23.813452859820657, 'rmse': 37.63107405910132, 'r2': 0.31166881871414154, 'bias': -0.9394019220143667}
Val metrics: {'mae': 23.756700473244763, 'rmse': 37.70341958444945, 'r2': 0.309019649109034, 'bias': -1.1529038207293831}
Val metrics: {'mae': 23.781414335520353, 'rmse': 37.77169484524201, 'r2': 0.30651485886419716, 'bias': -1.04119545912965}
Val metrics: {'mae': 23.79128426326237, 'rmse': 37.80494231262099, 'r2': 0.3052934801480197, 'bias': -1.2108715289743752}
Val metrics: {'mae': 23.816087052285653, 'rmse': 37.8048472592995, 'r2': 0.305296973557882, 'bias': -1.075370989275014}
Val metrics: {'mae': 23.801555031414882, 'rmse': 37.906841099017655, 'r2': 0.3015434332137834, 'bias': -1.0734551858237655}
Val metrics: {'mae': 23.795440085932892, 'rmse': 37.95983834073994, 'r2': 0.2995890552439817, 'bias': -1.1390645346708843}
Val metrics: {'mae': 23.80924127518892, 'rmse': 37.982724962791416, 'r2': 0.2987442216691215, 'bias': -1.0511884255205375}
Val metrics: {'mae': 23.811044259738186, 'rmse': 38.02501411699829, 'r2': 0.2971818259913511, 'bias': -1.2226161270599298}
Val metrics: {'mae': 23.787382912620608, 'rmse': 38.06909183994237, 'r2': 0.29555150025294297, 'bias': -1.2255734587928244}
Val metrics: {'mae': 23.801151304890528, 'rmse': 38.089684510103005, 'r2': 0.29478918109140084, 'bias': -1.0670645566038464}
Val metrics: {'mae': 23.809142267468488, 'rmse': 38.11232921017392, 'r2': 0.29395042200807886, 'bias': -1.239768768741121}
Val metrics: {'mae': 23.8187371141686, 'rmse': 38.13029949797582, 'r2': 0.2932844482609104, 'bias': -1.0737546166816085}
Val metrics: {'mae': 23.82266594377729, 'rmse': 38.14059199864445, 'r2': 0.2929028697209337, 'bias': -1.0992465719625142}
Val metrics: {'mae': 23.823103656019413, 'rmse': 38.159690576246334, 'r2': 0.2921945466535094, 'bias': -1.0283754150591153}
Val metrics: {'mae': 23.823820550225456, 'rmse': 38.22687649138916, 'r2': 0.28969995511422963, 'bias': -1.2322442055275258}
Val metrics: {'mae': 23.822793596082835, 'rmse': 38.222812848399435, 'r2': 0.2898509615602535, 'bias': -1.1548551903934403}
Test metrics: {'mae': 27.31377847063889, 'rmse': 39.04494535098531, 'r2': 0.2827735057197742, 'bias': 7.172091770745926}
Using device: cuda
Saved prediction to /home/nabinadhikari/tree_canopy_project/runs/prithvi_100m_2023/pred_2023.tif
{'model': {'mae': 26.91809444986482, 'rmse': 38.142541701490856, 'r2': 0.31081844608763287, 'bias': 7.0796990169547165}, 'nlcd': {'mae': 17.433449704331746, 'rmse': 29.605261491812495, 'r2': 0.584804929806954, 'bias': -6.463183539326043}}
== Prithvi 100M + consistency ==
[ALIGN LABEL] -> NLCD grid
[ALIGN LABEL] -> NLCD grid
Using device: cuda

Prithvi checkpoint loaded
Loaded keys: 148
Missing keys: 2
Unexpected keys: 0

Val metrics: {'mae': 25.10640828360221, 'rmse': 37.36511311789656, 'r2': 0.3213641189143772, 'bias': -3.561600835329389}
Val metrics: {'mae': 25.384109309331734, 'rmse': 36.70060375884722, 'r2': 0.34528749943087444, 'bias': -4.8667156248606265}
Val metrics: {'mae': 25.334868490364656, 'rmse': 36.29449146420513, 'r2': 0.35969683755049964, 'bias': 2.703961561505376}
Val metrics: {'mae': 24.69689503010087, 'rmse': 36.187412787342566, 'r2': 0.3634694032008181, 'bias': 1.8881479588887244}
Val metrics: {'mae': 24.993169746374093, 'rmse': 35.718960979864804, 'r2': 0.3798427146222497, 'bias': -0.7189297520141554}
Val metrics: {'mae': 24.717843963803045, 'rmse': 36.23566118553174, 'r2': 0.3617709089961074, 'bias': -2.4877652887731436}
Val metrics: {'mae': 24.9366681655258, 'rmse': 36.17164610813933, 'r2': 0.3640239489192063, 'bias': 0.3152220363432711}
Val metrics: {'mae': 24.57726361786022, 'rmse': 36.29932687021348, 'r2': 0.3595262148539018, 'bias': 0.3600293295132124}
Val metrics: {'mae': 24.466755443247653, 'rmse': 36.42846576298744, 'r2': 0.35496099517876767, 'bias': -1.2373368121973645}
Val metrics: {'mae': 24.31150514231139, 'rmse': 37.58109865748331, 'r2': 0.31349586118516914, 'bias': -6.147011170293501}
Val metrics: {'mae': 24.446245690577076, 'rmse': 36.33327679893434, 'r2': 0.3583276136907466, 'bias': 0.6510165346612818}
Val metrics: {'mae': 24.13711004387044, 'rmse': 36.682133284159974, 'r2': 0.3459463336962444, 'bias': -1.22258534757914}
Val metrics: {'mae': 24.094578227388904, 'rmse': 36.586928984597584, 'r2': 0.3493369715856828, 'bias': -0.6995713858896351}
Val metrics: {'mae': 23.907733471566065, 'rmse': 36.835247369267016, 'r2': 0.34047479614349485, 'bias': -0.12912511213816463}
Val metrics: {'mae': 24.295366441356975, 'rmse': 36.62682999493653, 'r2': 0.34791699620987127, 'bias': -2.8795772844834726}
Val metrics: {'mae': 24.11098084515134, 'rmse': 36.76493786888951, 'r2': 0.34299013867667094, 'bias': -0.43953224544771885}
Val metrics: {'mae': 24.083844695328537, 'rmse': 36.92505391680973, 'r2': 0.3372549516427379, 'bias': -1.2099131316240221}
Val metrics: {'mae': 24.050868983513112, 'rmse': 36.946645190012404, 'r2': 0.3364796681156502, 'bias': -0.60994953078115}
Val metrics: {'mae': 24.06610713513407, 'rmse': 36.99281671373107, 'r2': 0.3348202542750076, 'bias': -0.35690041239696035}
Val metrics: {'mae': 23.87539965161889, 'rmse': 37.375596199516075, 'r2': 0.32098327203824817, 'bias': -1.5114384792285036}
Val metrics: {'mae': 23.983673476869203, 'rmse': 37.215149142647874, 'r2': 0.3268005647543747, 'bias': -1.6551226279923492}
Val metrics: {'mae': 23.947181261864813, 'rmse': 37.32118662506754, 'r2': 0.32295879208827627, 'bias': -0.8858860426421898}
Val metrics: {'mae': 23.9463268893969, 'rmse': 37.45085902546948, 'r2': 0.318245861667784, 'bias': -1.266927641444024}
Val metrics: {'mae': 23.94322451532458, 'rmse': 37.544428524313595, 'r2': 0.3148349341289005, 'bias': -1.1857220051862936}
Val metrics: {'mae': 23.90436868471599, 'rmse': 37.62789242417154, 'r2': 0.3117852079484893, 'bias': -1.1828205368984923}
Val metrics: {'mae': 23.9366537463314, 'rmse': 37.65292299127826, 'r2': 0.3108692844118902, 'bias': -1.3525994154797023}
Val metrics: {'mae': 23.967864729717114, 'rmse': 37.63492703741365, 'r2': 0.3115278575030851, 'bias': -1.078256283663565}
Val metrics: {'mae': 23.950427346990086, 'rmse': 37.76887586367177, 'r2': 0.3066183675306805, 'bias': -1.4316979270842771}
Val metrics: {'mae': 23.976936840725962, 'rmse': 37.786792573694534, 'r2': 0.3059603620177016, 'bias': -1.2654820960010105}
Val metrics: {'mae': 23.927931737587812, 'rmse': 37.87826142049975, 'r2': 0.3025962320521538, 'bias': -1.029984768246923}
Val metrics: {'mae': 23.995319531516838, 'rmse': 37.83077435652771, 'r2': 0.3043437725514816, 'bias': -1.2450792388686391}
Val metrics: {'mae': 23.982864714188505, 'rmse': 37.86862250260105, 'r2': 0.30295112491707465, 'bias': -1.0316257319964788}
Val metrics: {'mae': 24.012336737352847, 'rmse': 37.865829925114674, 'r2': 0.3030539272422351, 'bias': -1.1177368616810812}
Val metrics: {'mae': 23.96979580507944, 'rmse': 37.979638227909426, 'r2': 0.2988581946776194, 'bias': -1.2304345360428617}
Val metrics: {'mae': 24.00002214888294, 'rmse': 37.95970119388522, 'r2': 0.2995941163289999, 'bias': -1.2644706701063662}
Val metrics: {'mae': 24.0111260020539, 'rmse': 37.943604401331335, 'r2': 0.30018800392190914, 'bias': -1.1970244966506556}
Val metrics: {'mae': 24.009529979062744, 'rmse': 37.94502509534146, 'r2': 0.3001355978661526, 'bias': -1.2256702993464512}
Val metrics: {'mae': 23.997449888556744, 'rmse': 37.99407210994939, 'r2': 0.29832516584232716, 'bias': -1.3523493859031577}
Val metrics: {'mae': 24.011502413643452, 'rmse': 38.00636516451561, 'r2': 0.29787103592257025, 'bias': -1.202269451395914}
Val metrics: {'mae': 24.0203572153119, 'rmse': 38.026669775745695, 'r2': 0.297120621417595, 'bias': -1.1081084850024707}
Test metrics: {'mae': 27.209928049869575, 'rmse': 38.51550809213579, 'r2': 0.30209236709102694, 'bias': 6.247917624054197}
Using device: cuda
Saved prediction to /home/nabinadhikari/tree_canopy_project/runs/prithvi_consistency_2023/pred_2023.tif
{'model': {'mae': 26.87632820120495, 'rmse': 37.815461602418395, 'r2': 0.3225875133822834, 'bias': 5.788446936284097}, 'nlcd': {'mae': 17.433449704331746, 'rmse': 29.605261491812495, 'r2': 0.584804929806954, 'bias': -6.463183539326043}}
Pipeline finished successfully.
