Project dir: /home/nabinadhikari/tree_canopy_project
Python: /home/nabinadhikari/.conda/envs/dl/bin/python
Conda env: dl
Data root: /home/nabinadhikari/tree_canopy_project/data
Runs root: /home/nabinadhikari/tree_canopy_project/runs
Reference year: 2015
Test year: 2023
torch: 2.11.0+cu130
cuda available: True
gpu: NVIDIA A30
mps available: False
== Prepare dataset ==
Saved manifest to /home/nabinadhikari/tree_canopy_project/runs/prepare_2023/manifest.json
Saved stats to /home/nabinadhikari/tree_canopy_project/runs/prepare_2023/stats.json
== Random Forest baseline ==
[ALIGN LABEL] -> NLCD grid
[ALIGN LABEL] -> NLCD grid
{'r2': 0.5465096465509565, 'mae': 20.91863311293757, 'rmse': 31.053108431545752, 'feature_names': ['nlcd', 'ndvi', 'lst', 'tmean'], 'reference_year': 2015, 'num_eval_pixels': 533248}
Saved RF prediction to /home/nabinadhikari/tree_canopy_project/runs/rf_2023/pred_2023.tif
{'model': {'mae': 20.92209714917779, 'rmse': 30.47685859521791, 'r2': 0.5599980138279254, 'bias': 5.795041069848679}, 'nlcd': {'mae': 17.433451160012513, 'rmse': 29.605267045983325, 'r2': 0.584804916157726, 'bias': -6.463192811374342}}
== U-Net baseline ==
Using device: cuda
Val metrics: {'mae': 27.78945420451447, 'rmse': 31.048295374667372, 'r2': 0.530879125625956, 'bias': 4.533853202072188}
Val metrics: {'mae': 23.532161288247714, 'rmse': 28.26870884647714, 'r2': 0.6111150097578264, 'bias': 8.1818969117933}
Val metrics: {'mae': 21.960084025237517, 'rmse': 27.790052948510652, 'r2': 0.6241729943247742, 'bias': 10.240975489985509}
Val metrics: {'mae': 21.95358819566544, 'rmse': 27.33473279149399, 'r2': 0.6363874193132237, 'bias': 9.196560095974474}
Val metrics: {'mae': 19.80561719069999, 'rmse': 25.178635474462176, 'r2': 0.6914868954560508, 'bias': 5.640409540358436}
Val metrics: {'mae': 19.223913005221256, 'rmse': 24.36919045204473, 'r2': 0.7110042609593958, 'bias': 3.599268160505486}
Val metrics: {'mae': 18.528829003726745, 'rmse': 24.318521546777927, 'r2': 0.7122047829580886, 'bias': 4.827530280240994}
Val metrics: {'mae': 18.17298874911285, 'rmse': 24.263493256351428, 'r2': 0.7135057634310162, 'bias': 6.54203538624401}
Val metrics: {'mae': 17.02516285635015, 'rmse': 23.489497160486362, 'r2': 0.7314923428162041, 'bias': 3.155285273145912}
Val metrics: {'mae': 17.27160741157485, 'rmse': 23.712696818394818, 'r2': 0.7263653235987697, 'bias': 6.075832283842076}
Val metrics: {'mae': 17.89906739954823, 'rmse': 23.32325823359517, 'r2': 0.7352794375276034, 'bias': 0.8367937941567544}
Val metrics: {'mae': 16.400071934747974, 'rmse': 23.24738949729031, 'r2': 0.7369988669900733, 'bias': 5.7356971523723494}
Val metrics: {'mae': 16.676242738349877, 'rmse': 23.216696303459425, 'r2': 0.737692881761396, 'bias': 4.399483395812921}
Val metrics: {'mae': 15.611367338958953, 'rmse': 22.466165953644946, 'r2': 0.7543780581042236, 'bias': 1.9723510331107523}
Val metrics: {'mae': 15.465793634166964, 'rmse': 22.437439007100032, 'r2': 0.7550057982589996, 'bias': 0.8486346497556019}
Val metrics: {'mae': 15.27602426285013, 'rmse': 22.560391919343697, 'r2': 0.7523133979312528, 'bias': 3.4803045059261235}
Val metrics: {'mae': 15.989104219346256, 'rmse': 22.79285331470205, 'r2': 0.7471827945387775, 'bias': -2.0994576747072986}
Val metrics: {'mae': 14.668213757453923, 'rmse': 22.218778611790402, 'r2': 0.7597576326877162, 'bias': 0.957451583404572}
Val metrics: {'mae': 14.672791870924465, 'rmse': 22.688033200765833, 'r2': 0.7495027667567234, 'bias': 2.247739228406101}
Val metrics: {'mae': 15.292344412754066, 'rmse': 22.343123791530196, 'r2': 0.7570611234469204, 'bias': -1.6796255586068145}
Val metrics: {'mae': 14.293170149881034, 'rmse': 21.909475074731567, 'r2': 0.7663998160888642, 'bias': 1.6121174766871431}
Val metrics: {'mae': 14.00986379762826, 'rmse': 22.157285728556957, 'r2': 0.7610855862072627, 'bias': 1.9645561139805792}
Val metrics: {'mae': 14.814451634248448, 'rmse': 22.296038696882018, 'r2': 0.7580839658431048, 'bias': 1.8984049436062371}
Val metrics: {'mae': 14.007612976817367, 'rmse': 21.926501199811906, 'r2': 0.7660366078108561, 'bias': 0.8901944519558734}
Val metrics: {'mae': 14.11777588523997, 'rmse': 21.783222316409372, 'r2': 0.7690842886390227, 'bias': 1.24887562989154}
Val metrics: {'mae': 14.233718303280105, 'rmse': 22.068917823570203, 'r2': 0.7629874677105094, 'bias': 0.15140034053137422}
Val metrics: {'mae': 14.301719615215138, 'rmse': 22.65185715809341, 'r2': 0.7503009649827106, 'bias': 2.2533802354481054}
Val metrics: {'mae': 13.293252840621703, 'rmse': 22.081243924611012, 'r2': 0.7627226376633869, 'bias': 1.4622322718914773}
Val metrics: {'mae': 14.04144045384301, 'rmse': 22.008411506756286, 'r2': 0.7642853198724506, 'bias': 1.395982598347146}
Val metrics: {'mae': 14.389465120434268, 'rmse': 22.196161734187896, 'r2': 0.760246477449914, 'bias': 1.124878628479967}
Val metrics: {'mae': 14.01937119407978, 'rmse': 22.11246263179643, 'r2': 0.7620512326538426, 'bias': 2.1972253825420847}
Val metrics: {'mae': 13.857611082009992, 'rmse': 22.324070006548318, 'r2': 0.7574752939487943, 'bias': 0.548186550235381}
Val metrics: {'mae': 13.557823241330091, 'rmse': 22.280104018355672, 'r2': 0.758429630539946, 'bias': 1.3330970478919055}
Val metrics: {'mae': 14.010238302783355, 'rmse': 22.293497674562797, 'r2': 0.7581391038002849, 'bias': 0.780895732107432}
Val metrics: {'mae': 14.002676935723501, 'rmse': 22.588170710098296, 'r2': 0.7517030654261221, 'bias': 2.2849274254760608}
Val metrics: {'mae': 13.582252627304388, 'rmse': 22.261377255653645, 'r2': 0.7588355469402452, 'bias': 0.874390937612766}
Val metrics: {'mae': 13.435478995091765, 'rmse': 22.16187502466814, 'r2': 0.7609866063453994, 'bias': 0.4186769571589681}
Val metrics: {'mae': 13.769270619407466, 'rmse': 22.358981163513093, 'r2': 0.7567161636978523, 'bias': 2.244978545127293}
Val metrics: {'mae': 13.513777292116275, 'rmse': 22.30910940580467, 'r2': 0.7578002436133235, 'bias': 0.371312128378089}
Val metrics: {'mae': 13.399046625644903, 'rmse': 22.36067946748095, 'r2': 0.7566792044470797, 'bias': -0.16064890887871586}
Test metrics: {'mae': 16.732801164712765, 'rmse': 25.950122245433835, 'r2': 0.6841416208155198, 'bias': 5.161476750486164}
Using device: cuda
Saved prediction to /home/nabinadhikari/tree_canopy_project/runs/unet_2023/pred_2023.tif
{'model': {'mae': 16.832800846866142, 'rmse': 25.48687620538618, 'r2': 0.6925114612631607, 'bias': 4.403514466751261}, 'nlcd': {'mae': 17.401143211630988, 'rmse': 29.53028724731821, 'r2': 0.5872082047843186, 'bias': -6.153293362399172}}
== U-Net + consistency ==
[ALIGN LABEL] -> NLCD grid
[ALIGN LABEL] -> NLCD grid
Using device: cuda
Val metrics: {'mae': 25.286949169021423, 'rmse': 30.292249309276116, 'r2': 0.5534477516980727, 'bias': 10.066174354323124}
Val metrics: {'mae': 23.69103084688605, 'rmse': 28.352507544353703, 'r2': 0.6088060003589821, 'bias': 8.257026247817626}
Val metrics: {'mae': 21.338942712506594, 'rmse': 26.26329659477834, 'r2': 0.6643337228660635, 'bias': 5.788077101268247}
Val metrics: {'mae': 21.130462935941075, 'rmse': 26.05953522078213, 'r2': 0.6695219900919104, 'bias': 6.432723303882993}
Val metrics: {'mae': 20.176438932437392, 'rmse': 25.521168470285627, 'r2': 0.6830357042380524, 'bias': 6.863666396804294}
Val metrics: {'mae': 19.062578255517334, 'rmse': 24.635030879330564, 'r2': 0.7046646332583517, 'bias': 5.77611933314287}
Val metrics: {'mae': 18.95621297335799, 'rmse': 24.61294566350004, 'r2': 0.7051939300657883, 'bias': 4.5100431901673}
Val metrics: {'mae': 18.582449759106957, 'rmse': 24.17983167212885, 'r2': 0.715478046574711, 'bias': 4.6997943745719235}
Val metrics: {'mae': 17.616126807349413, 'rmse': 23.68555414951121, 'r2': 0.7269913953379901, 'bias': 3.581572882608443}
Val metrics: {'mae': 16.968273042312926, 'rmse': 23.493976875268, 'r2': 0.7313899181103809, 'bias': 4.875859353120918}
Val metrics: {'mae': 16.724611332964876, 'rmse': 22.94303685619823, 'r2': 0.7438401614117489, 'bias': 3.821100961253263}
Val metrics: {'mae': 16.895135573780415, 'rmse': 23.055193677197796, 'r2': 0.7413295699245579, 'bias': 0.30187770543273623}
Val metrics: {'mae': 16.39750317823572, 'rmse': 22.897939844265483, 'r2': 0.7448461912565947, 'bias': 3.2036372067683843}
Val metrics: {'mae': 16.458332417054418, 'rmse': 22.976399266621787, 'r2': 0.7430946347103953, 'bias': 3.4158479159123387}
Val metrics: {'mae': 15.648683745896028, 'rmse': 22.411268898758294, 'r2': 0.7555769673421455, 'bias': 1.9609021336208106}
Val metrics: {'mae': 15.171340690156937, 'rmse': 22.416531140554888, 'r2': 0.755462171155646, 'bias': 3.0543523191458704}
Val metrics: {'mae': 15.15073530612608, 'rmse': 22.57991029050652, 'r2': 0.7518846349618352, 'bias': 4.567579664931742}
Val metrics: {'mae': 15.011840869438151, 'rmse': 22.373788614770625, 'r2': 0.7563938228552154, 'bias': 2.5815757486818565}
Val metrics: {'mae': 14.827929726811615, 'rmse': 22.096235397532617, 'r2': 0.762400341992334, 'bias': 1.3816013349702787}
Val metrics: {'mae': 15.33884579503731, 'rmse': 22.976967688064637, 'r2': 0.7430819232038559, 'bias': 5.699859400759674}
Val metrics: {'mae': 14.824208978817643, 'rmse': 22.220476936537093, 'r2': 0.7597209047326704, 'bias': 3.470088405893251}
Val metrics: {'mae': 14.73845406459025, 'rmse': 22.18884348720696, 'r2': 0.7604045485853647, 'bias': 3.1466347611658145}
Val metrics: {'mae': 14.46660138494071, 'rmse': 22.302149261281095, 'r2': 0.7579513462245792, 'bias': 2.903637353192037}
Val metrics: {'mae': 14.519682159144304, 'rmse': 22.217483926687272, 'r2': 0.7597856296498766, 'bias': 0.9218436398345148}
Val metrics: {'mae': 14.960352879381, 'rmse': 22.383215826247213, 'r2': 0.7561884923401101, 'bias': 3.1594343618633998}
Val metrics: {'mae': 14.05013115774448, 'rmse': 21.920359168876598, 'r2': 0.7661676646641554, 'bias': 2.2448779359775592}
Val metrics: {'mae': 14.09508475945256, 'rmse': 21.976932116150422, 'r2': 0.7649591393194797, 'bias': 2.6241329806725036}
Val metrics: {'mae': 14.36061862704316, 'rmse': 22.141651647816353, 'r2': 0.7614226211228561, 'bias': 2.547144842692999}
Val metrics: {'mae': 13.777024860265092, 'rmse': 22.105668554487394, 'r2': 0.7621974302068091, 'bias': 2.166179645930499}
Val metrics: {'mae': 13.984257890820215, 'rmse': 22.24767103912826, 'r2': 0.7591324229689719, 'bias': 1.6711418790929267}
Val metrics: {'mae': 13.837571095094566, 'rmse': 22.15989603094827, 'r2': 0.7610292909003318, 'bias': 2.799796930174063}
Val metrics: {'mae': 13.968804711282035, 'rmse': 22.10933462535439, 'r2': 0.7621185478728839, 'bias': 0.4896184842387899}
Val metrics: {'mae': 14.634074919206762, 'rmse': 22.850959685530924, 'r2': 0.7458921254641264, 'bias': 3.1458582355311004}
Val metrics: {'mae': 14.594890761073199, 'rmse': 22.73625777176851, 'r2': 0.7484367457437414, 'bias': 3.7939209907886724}
Val metrics: {'mae': 14.29302299627551, 'rmse': 22.550983020615696, 'r2': 0.7525199521613551, 'bias': 2.7377163792327415}
Val metrics: {'mae': 14.499914682809514, 'rmse': 22.65292622050121, 'r2': 0.7502773951580386, 'bias': 2.1483371100664512}
Val metrics: {'mae': 14.784638152397454, 'rmse': 22.888017770539374, 'r2': 0.745067268472634, 'bias': 3.2118659130087908}
Val metrics: {'mae': 14.2535609700295, 'rmse': 22.61996710260396, 'r2': 0.7510035396806423, 'bias': 2.476182844053911}
Val metrics: {'mae': 14.374613427006736, 'rmse': 22.597109179419256, 'r2': 0.7515065170925632, 'bias': 1.6105301985845568}
Val metrics: {'mae': 14.149579444157734, 'rmse': 22.545705725462994, 'r2': 0.7526357672848136, 'bias': 2.18706455721696}
Test metrics: {'mae': 16.744910880840663, 'rmse': 26.726368586700296, 'r2': 0.6649624428837188, 'bias': 7.17342867590107}
Using device: cuda
Saved prediction to /home/nabinadhikari/tree_canopy_project/runs/unet_consistency_2023/pred_2023.tif
{'model': {'mae': 16.735800221241764, 'rmse': 26.481859818473694, 'r2': 0.6680347087944182, 'bias': 7.120496664056643}, 'nlcd': {'mae': 17.401143211630988, 'rmse': 29.53028724731821, 'r2': 0.5872082047843186, 'bias': -6.153293362399172}}
== Prithvi 100M baseline ==
[ALIGN LABEL] -> NLCD grid
[ALIGN LABEL] -> NLCD grid
Using device: cuda

Prithvi checkpoint loaded
Loaded keys: 148
Missing keys: 2
Unexpected keys: 0

Val metrics: {'mae': 29.00194109757921, 'rmse': 36.451446766866425, 'r2': 0.35339542089905407, 'bias': -7.507289262037409}
Val metrics: {'mae': 28.9876835155163, 'rmse': 35.250207657731906, 'r2': 0.39531026692880245, 'bias': -0.3097539449959723}
Val metrics: {'mae': 27.42892742367804, 'rmse': 35.061317180765364, 'r2': 0.40177344043892094, 'bias': 1.7441474463732167}
Val metrics: {'mae': 27.314683648439665, 'rmse': 34.98888255401005, 'r2': 0.40424268917360573, 'bias': 0.6401380163221033}
Val metrics: {'mae': 27.474860438905207, 'rmse': 35.03109843598681, 'r2': 0.4028041983662439, 'bias': 0.7529930685491952}
Val metrics: {'mae': 26.808111766203165, 'rmse': 35.06181281184828, 'r2': 0.40175652711123877, 'bias': 2.2283047117767008}
Val metrics: {'mae': 26.90147132549903, 'rmse': 35.039829294240405, 'r2': 0.4025064810877461, 'bias': 0.7229453284511874}
Val metrics: {'mae': 26.524431510105384, 'rmse': 35.08597925818438, 'r2': 0.40093156114225215, 'bias': 2.4240394309011486}
Val metrics: {'mae': 25.86303264182545, 'rmse': 35.247896932280845, 'r2': 0.3953895417048666, 'bias': 0.44094497455978343}
Val metrics: {'mae': 26.852496310484185, 'rmse': 34.96528217747206, 'r2': 0.40504610751633197, 'bias': -0.6605435543570589}
Val metrics: {'mae': 26.54438602194286, 'rmse': 34.99980706281965, 'r2': 0.4038706068685508, 'bias': -0.35056629868087935}
Val metrics: {'mae': 26.19623064578231, 'rmse': 35.165993982696435, 'r2': 0.3981960551093827, 'bias': -1.7728264778458305}
Val metrics: {'mae': 26.59843512878894, 'rmse': 35.034958176002455, 'r2': 0.4026725925862552, 'bias': 0.5995742360776057}
Val metrics: {'mae': 26.505777123248656, 'rmse': 35.07063291481113, 'r2': 0.401455502589809, 'bias': 0.1963544615187268}
Val metrics: {'mae': 26.22692387025967, 'rmse': 35.110619072971254, 'r2': 0.4000898506488859, 'bias': -0.28566659207045336}
Val metrics: {'mae': 26.210347879700365, 'rmse': 35.13683532539549, 'r2': 0.399193639305637, 'bias': -0.27093362126095566}
Val metrics: {'mae': 26.237788954914645, 'rmse': 35.163524692923936, 'r2': 0.3982805672180889, 'bias': 0.23166105811001828}
Val metrics: {'mae': 26.108614896080304, 'rmse': 35.19513006356554, 'r2': 0.39719841675324086, 'bias': -0.14206442297042998}
Val metrics: {'mae': 26.05453651635294, 'rmse': 35.24785024850547, 'r2': 0.39539114324609825, 'bias': -0.1228493267419278}
Val metrics: {'mae': 26.111266572940785, 'rmse': 35.2577933807706, 'r2': 0.3950499846383718, 'bias': 0.3209273274175388}
Val metrics: {'mae': 26.051000325934716, 'rmse': 35.303409922296744, 'r2': 0.3934836030512885, 'bias': -0.22844444100274064}
Val metrics: {'mae': 25.978352596672554, 'rmse': 35.3090102783856, 'r2': 0.3932911583428328, 'bias': -0.1579280252220555}
Val metrics: {'mae': 25.961478099349705, 'rmse': 35.340760384718145, 'r2': 0.39219955419836183, 'bias': 0.01125427727349783}
Val metrics: {'mae': 26.015738743048665, 'rmse': 35.353870287724, 'r2': 0.39174853488042016, 'bias': -0.060828365937510565}
Val metrics: {'mae': 26.01372138598237, 'rmse': 35.35843790383157, 'r2': 0.3915913561252581, 'bias': 0.04906597983252676}
Val metrics: {'mae': 25.93915872221087, 'rmse': 35.38259224852378, 'r2': 0.39075983004566994, 'bias': -0.0065621918690919176}
Val metrics: {'mae': 25.89748960206791, 'rmse': 35.40029533548561, 'r2': 0.39015003131817416, 'bias': -0.003815441444166517}
Val metrics: {'mae': 25.935525051161743, 'rmse': 35.408978703929, 'r2': 0.389850813393675, 'bias': 0.046608912741507885}
Val metrics: {'mae': 25.911177522907707, 'rmse': 35.41763174224719, 'r2': 0.3895525676046674, 'bias': 0.15210806360422435}
Val metrics: {'mae': 25.877614875182836, 'rmse': 35.44992435712987, 'r2': 0.38843888892698386, 'bias': -0.002931829620985566}
Val metrics: {'mae': 25.908309077743358, 'rmse': 35.44823607791635, 'r2': 0.38849713792720697, 'bias': 0.04315964346261712}
Val metrics: {'mae': 25.87240833352213, 'rmse': 35.465650687298854, 'r2': 0.38789616589369624, 'bias': -0.02912703230218945}
Val metrics: {'mae': 25.890064962293437, 'rmse': 35.46549852840219, 'r2': 0.38790141812183476, 'bias': 0.026706461296760253}
Val metrics: {'mae': 25.852873314908805, 'rmse': 35.48165122717164, 'r2': 0.38734373271269007, 'bias': -0.08552549480905429}
Val metrics: {'mae': 25.854371617793788, 'rmse': 35.4937889670362, 'r2': 0.38692450000742884, 'bias': 0.0529477979504921}
Val metrics: {'mae': 25.853973287341464, 'rmse': 35.497145315917116, 'r2': 0.38680854774548845, 'bias': -0.04316007441273929}
Val metrics: {'mae': 25.864996309534373, 'rmse': 35.497401673052934, 'r2': 0.38679969088837307, 'bias': -0.004509047452748956}
Val metrics: {'mae': 25.851388988006583, 'rmse': 35.50548018613801, 'r2': 0.38652055437835986, 'bias': 0.026263034550435195}
Val metrics: {'mae': 25.844607911785708, 'rmse': 35.512593430051126, 'r2': 0.3862747181841203, 'bias': 0.023790809512653072}
Val metrics: {'mae': 25.85259205148378, 'rmse': 35.51277358486031, 'r2': 0.3862684913315697, 'bias': 0.03648111517845614}
Test metrics: {'mae': 28.552731468342486, 'rmse': 37.52028354894984, 'r2': 0.33969313895526065, 'bias': 6.468875844663308}
Using device: cuda
Saved prediction to /home/nabinadhikari/tree_canopy_project/runs/prithvi_100m_2023/pred_2023.tif
{'model': {'mae': 28.254590121336918, 'rmse': 36.651472102020286, 'r2': 0.3641150313669773, 'bias': 4.7176962963583255}, 'nlcd': {'mae': 17.401143211630988, 'rmse': 29.53028724731821, 'r2': 0.5872082047843186, 'bias': -6.153293362399172}}
== Prithvi 100M + consistency ==
[ALIGN LABEL] -> NLCD grid
[ALIGN LABEL] -> NLCD grid
Using device: cuda

Prithvi checkpoint loaded
Loaded keys: 148
Missing keys: 2
Unexpected keys: 0

Val metrics: {'mae': 28.366827291128743, 'rmse': 35.4750238089683, 'r2': 0.38757258057939015, 'bias': 2.2223014427478054}
Val metrics: {'mae': 27.774358869921638, 'rmse': 35.15377284385208, 'r2': 0.3986142688864186, 'bias': 0.1875166687792581}
Val metrics: {'mae': 27.95123692651733, 'rmse': 35.133151840186386, 'r2': 0.3993196008683212, 'bias': 1.0896770625230037}
Val metrics: {'mae': 28.358772483863902, 'rmse': 35.09638712614074, 'r2': 0.4005760943651544, 'bias': 3.16207511791272}
Val metrics: {'mae': 27.122450173497523, 'rmse': 35.020982553430215, 'r2': 0.40314905140329693, 'bias': 1.0414948496148566}
Val metrics: {'mae': 28.127519209338093, 'rmse': 34.97598199505086, 'r2': 0.4046819250047977, 'bias': -0.404060814093208}
Val metrics: {'mae': 27.765155184360115, 'rmse': 35.39838920988768, 'r2': 0.3902157041793274, 'bias': -4.937902213254681}
Val metrics: {'mae': 27.153015330764283, 'rmse': 34.93421779493717, 'r2': 0.4061027937023596, 'bias': 2.4621102340130623}
Val metrics: {'mae': 27.07648153162355, 'rmse': 35.01893093083404, 'r2': 0.40321897959695674, 'bias': 0.215245255902163}
Val metrics: {'mae': 27.244768083259753, 'rmse': 34.94853848967508, 'r2': 0.40561577756866163, 'bias': -0.09324275022985976}
Val metrics: {'mae': 27.10641074749343, 'rmse': 35.60626885641638, 'r2': 0.38303266814023296, 'bias': -5.804258106273437}
Val metrics: {'mae': 27.13012291211088, 'rmse': 35.28754984388461, 'r2': 0.3940284363620027, 'bias': -2.245236583648784}
Val metrics: {'mae': 27.230500460426615, 'rmse': 35.148329208014125, 'r2': 0.3988005061623583, 'bias': -1.9250584838863898}
Val metrics: {'mae': 26.453394946117655, 'rmse': 35.09998591005675, 'r2': 0.4004531581949883, 'bias': -0.3237483947242932}
Val metrics: {'mae': 26.618809766269393, 'rmse': 34.99172977249017, 'r2': 0.40414572578881536, 'bias': -0.0972937738414636}
Val metrics: {'mae': 26.554884372122498, 'rmse': 35.04342796646898, 'r2': 0.40238374682841926, 'bias': -0.6422724923540708}
Val metrics: {'mae': 26.34087869565138, 'rmse': 35.06391223364742, 'r2': 0.4016848820427368, 'bias': -0.3239715267921935}
Val metrics: {'mae': 26.50349975098348, 'rmse': 35.13537048203934, 'r2': 0.39924373310904127, 'bias': -1.8747433667766997}
Val metrics: {'mae': 26.216202471214658, 'rmse': 35.08463685431982, 'r2': 0.4009774014705034, 'bias': -0.17710313770226974}
Val metrics: {'mae': 26.298265288419763, 'rmse': 35.124388656974446, 'r2': 0.39961921622508834, 'bias': -0.3729142012797801}
Val metrics: {'mae': 26.197301866320885, 'rmse': 35.158580549128665, 'r2': 0.3984497640365541, 'bias': -0.8638320637112885}
Val metrics: {'mae': 26.129108563483683, 'rmse': 35.20055748382085, 'r2': 0.3970124870648367, 'bias': -0.9825003489220412}
Val metrics: {'mae': 25.966073262141396, 'rmse': 35.21928688712511, 'r2': 0.39637064490917107, 'bias': -0.5038610657823273}
Val metrics: {'mae': 26.164949560837183, 'rmse': 35.21471158519152, 'r2': 0.396527468479956, 'bias': -0.6046010563104629}
Val metrics: {'mae': 26.15485520840486, 'rmse': 35.209576464846016, 'r2': 0.39670345618447433, 'bias': -1.0230645813494788}
Val metrics: {'mae': 26.037447954583058, 'rmse': 35.27470201448981, 'r2': 0.39446961190448837, 'bias': -0.5525695974354004}
Val metrics: {'mae': 26.076699501918327, 'rmse': 35.269984888405205, 'r2': 0.39463155074685097, 'bias': -1.0940764037410093}
Val metrics: {'mae': 26.055092712685074, 'rmse': 35.27929930869229, 'r2': 0.3943117660496541, 'bias': -0.8042623951458242}
Val metrics: {'mae': 26.031428630741512, 'rmse': 35.32034606807015, 'r2': 0.3929015338377734, 'bias': -0.9441575677015313}
Val metrics: {'mae': 26.045248767035076, 'rmse': 35.31153054620792, 'r2': 0.39320454456750353, 'bias': -0.8693467672863127}
Val metrics: {'mae': 26.090141172805275, 'rmse': 35.32193435133876, 'r2': 0.39284693267308557, 'bias': -1.010444816394912}
Val metrics: {'mae': 25.995715564777633, 'rmse': 35.3593763363156, 'r2': 0.39155906069336155, 'bias': -0.9875605576801464}
Val metrics: {'mae': 26.028138319936915, 'rmse': 35.33511095304324, 'r2': 0.3923938597312514, 'bias': -0.8706544844735828}
Val metrics: {'mae': 25.999370574180663, 'rmse': 35.34127512465418, 'r2': 0.392181848781863, 'bias': -0.799307230866311}
Val metrics: {'mae': 25.96462886572243, 'rmse': 35.370800038472446, 'r2': 0.3911658540489866, 'bias': -0.8886723594986292}
Val metrics: {'mae': 25.996834884646876, 'rmse': 35.37165540889615, 'r2': 0.3911364068768668, 'bias': -0.9735896920738146}
Val metrics: {'mae': 25.9541918082639, 'rmse': 35.394579031993985, 'r2': 0.3903469678698218, 'bias': -0.998158446185146}
Val metrics: {'mae': 25.965340302335424, 'rmse': 35.38239492555494, 'r2': 0.3907666252936276, 'bias': -0.9490983587336674}
Val metrics: {'mae': 25.98464892584803, 'rmse': 35.3833254466666, 'r2': 0.39073458043217635, 'bias': -0.9561696632462741}
Val metrics: {'mae': 25.933149876389862, 'rmse': 35.40756302612917, 'r2': 0.3898996008720207, 'bias': -0.8730753585894319}
Test metrics: {'mae': 29.259141955137668, 'rmse': 37.937772805131914, 'r2': 0.3249168796272992, 'bias': 9.724425538224741}
Using device: cuda
Saved prediction to /home/nabinadhikari/tree_canopy_project/runs/prithvi_consistency_2023/pred_2023.tif
{'model': {'mae': 29.36860404446284, 'rmse': 37.77289894047998, 'r2': 0.3246073236319754, 'bias': 9.318031934770815}, 'nlcd': {'mae': 17.401143211630988, 'rmse': 29.53028724731821, 'r2': 0.5872082047843186, 'bias': -6.153293362399172}}
Pipeline finished successfully.
