Project dir: /home/nabinadhikari/tree_canopy_project
Python: /home/nabinadhikari/.conda/envs/dl/bin/python
Conda env: dl
Run tag: 20260427_143154
Data root: /home/nabinadhikari/tree_canopy_project/data
Runs root: /home/nabinadhikari/tree_canopy_project/runs/20260427_143154
Reference year: 2015
Test year: 2023
torch: 2.11.0+cu130
cuda available: True
gpu: NVIDIA A30
mps available: False
== Prepare dataset ==
[ALIGN LABEL] -> NLCD grid
Saved manifest to /home/nabinadhikari/tree_canopy_project/runs/20260427_143154/prepare_2023/manifest.json
Saved stats to /home/nabinadhikari/tree_canopy_project/runs/20260427_143154/prepare_2023/stats.json
== Random Forest baseline ==
[ALIGN LABEL] -> NLCD grid
[ALIGN LABEL] -> NLCD grid
{'r2': 0.5711218816309982, 'mae': 19.87561787940621, 'rmse': 30.198682602248812, 'feature_names': ['nlcd', 'landcover', 'ndvi', 'lst', 'tmean'], 'reference_year': 2015, 'num_eval_pixels': 533248}
Saved RF prediction to /home/nabinadhikari/tree_canopy_project/runs/20260427_143154/rf_2023/pred_2023.tif
{'model': {'mae': 20.02622358518434, 'rmse': 29.670018115789784, 'r2': 0.5829867446951179, 'bias': 5.938693901566836}, 'nlcd': {'mae': 17.433451160012513, 'rmse': 29.605267045983325, 'r2': 0.584804916157726, 'bias': -6.463192811374342}}
== U-Net baseline ==
[ALIGN LABEL] -> NLCD grid
[ALIGN LABEL] -> NLCD grid
Using device: cuda
Val metrics: {'mae': 21.849186909938446, 'rmse': 26.781240711575148, 'r2': 0.6513693213387024, 'bias': -3.4362350084152578}
Val metrics: {'mae': 18.187664604935588, 'rmse': 24.872172899005758, 'r2': 0.6993012162740644, 'bias': -3.4141541991407536}
Val metrics: {'mae': 16.393744371258293, 'rmse': 23.656386115686697, 'r2': 0.727979887752218, 'bias': -0.675817863332782}
Val metrics: {'mae': 15.275349885849577, 'rmse': 23.630912263001747, 'r2': 0.7285654099319522, 'bias': -2.3368621302211166}
Val metrics: {'mae': 14.534377671880701, 'rmse': 23.53936089775076, 'r2': 0.7306645307301244, 'bias': -1.7368327051592387}
Val metrics: {'mae': 13.91485679711334, 'rmse': 22.75039804569484, 'r2': 0.7484164653482324, 'bias': -1.2208339616543047}
Val metrics: {'mae': 13.348196118436917, 'rmse': 22.897732605172923, 'r2': 0.7451473379786023, 'bias': -1.0067517462282487}
Val metrics: {'mae': 13.737416065714664, 'rmse': 23.367366830118794, 'r2': 0.7345860361542779, 'bias': -2.463961412396837}
Val metrics: {'mae': 14.174907593390644, 'rmse': 23.314652538021015, 'r2': 0.7357821767457342, 'bias': 1.2134568596827402}
Val metrics: {'mae': 13.076230852831245, 'rmse': 22.976930844911113, 'r2': 0.7433813301046974, 'bias': -0.6393394998264664}
Val metrics: {'mae': 12.635117256433551, 'rmse': 23.16397978291743, 'r2': 0.7391861981714087, 'bias': -1.803747490004981}
Val metrics: {'mae': 12.764184640349393, 'rmse': 22.62408249277076, 'r2': 0.7512024114426726, 'bias': 0.5360809470526541}
Val metrics: {'mae': 12.479160782841834, 'rmse': 22.6306990850943, 'r2': 0.7510568645073594, 'bias': -0.7477619176675606}
Val metrics: {'mae': 12.640488172128498, 'rmse': 23.0124635322824, 'r2': 0.7425870202317155, 'bias': -0.8040448793138519}
Val metrics: {'mae': 12.404954646148136, 'rmse': 22.6710961073893, 'r2': 0.7501673173387162, 'bias': -0.12177886079992395}
Val metrics: {'mae': 12.785396193966154, 'rmse': 22.80750373833894, 'r2': 0.7471518823666842, 'bias': 0.5165221090462865}
Val metrics: {'mae': 12.307546220417096, 'rmse': 22.51076516773405, 'r2': 0.7536884766199211, 'bias': -0.3478338651951776}
Val metrics: {'mae': 12.023022178429573, 'rmse': 22.635547726564166, 'r2': 0.7509501806342754, 'bias': -0.7543855278338943}
Val metrics: {'mae': 12.425840570304663, 'rmse': 22.80117693358983, 'r2': 0.7472921431166923, 'bias': -1.2643350955750285}
Val metrics: {'mae': 12.033047448136593, 'rmse': 22.61059714185249, 'r2': 0.751498920515264, 'bias': -0.7604414394080878}
Val metrics: {'mae': 11.968899587461175, 'rmse': 22.572799506392116, 'r2': 0.7523290536007398, 'bias': 0.2576118507918759}
Val metrics: {'mae': 12.296250532093476, 'rmse': 22.4691277568823, 'r2': 0.7545988223268449, 'bias': 0.4227069450105247}
Val metrics: {'mae': 12.181109259728917, 'rmse': 22.629963531370475, 'r2': 0.7510730467802855, 'bias': 0.2659173416765377}
Val metrics: {'mae': 11.937517914374848, 'rmse': 22.548565319392285, 'r2': 0.7528605678326725, 'bias': -0.7036674959265627}
Val metrics: {'mae': 11.832276361689704, 'rmse': 22.461344788361732, 'r2': 0.7547687994503418, 'bias': -0.542373278255356}
Val metrics: {'mae': 11.899038618806408, 'rmse': 22.505644271252358, 'r2': 0.7538005289944725, 'bias': -0.11675020361504874}
Val metrics: {'mae': 11.765264098503284, 'rmse': 22.506048416266328, 'r2': 0.7537916866631144, 'bias': -0.05044554895514565}
Val metrics: {'mae': 11.624803657903913, 'rmse': 22.4856142593304, 'r2': 0.7542385687873269, 'bias': -1.2430606466060095}
Val metrics: {'mae': 11.753948583062568, 'rmse': 22.763157868116252, 'r2': 0.748134179170401, 'bias': 0.0707684805866627}
Val metrics: {'mae': 11.63371586395385, 'rmse': 22.3620231867391, 'r2': 0.7569327753284827, 'bias': -0.26358736373151004}
Val metrics: {'mae': 12.086796742073595, 'rmse': 23.079346263748135, 'r2': 0.7410885711924131, 'bias': -1.5891705747972924}
Val metrics: {'mae': 11.554200528951924, 'rmse': 22.27589562139871, 'r2': 0.7588015215347554, 'bias': 0.46541584201821634}
Val metrics: {'mae': 11.758571857366418, 'rmse': 22.35843715541498, 'r2': 0.7570107268433803, 'bias': 0.6723566184269026}
Val metrics: {'mae': 11.709632840357568, 'rmse': 22.32504417584471, 'r2': 0.7577360079914683, 'bias': 0.8401755296120745}
Val metrics: {'mae': 12.100635577384622, 'rmse': 22.622539053942905, 'r2': 0.7512363567538254, 'bias': 0.999351744488166}
Val metrics: {'mae': 11.814054881388836, 'rmse': 22.63291996395559, 'r2': 0.75100800170613, 'bias': 1.0361748755331488}
Val metrics: {'mae': 11.621254067355427, 'rmse': 22.758743030619456, 'r2': 0.7482318667449681, 'bias': -0.2596414695524261}
Val metrics: {'mae': 11.657405059816542, 'rmse': 22.287236606770367, 'r2': 0.7585558636464426, 'bias': -0.4080430152844059}
Val metrics: {'mae': 11.435509659175308, 'rmse': 22.177667637038642, 'r2': 0.7609240133596321, 'bias': -0.2561227618068563}
Val metrics: {'mae': 11.574437145825287, 'rmse': 22.414524156945703, 'r2': 0.7557901018507398, 'bias': 0.11482533434653668}
Raw test metrics: {'mae': 13.654688841548104, 'rmse': 27.038217496937353, 'r2': 0.6560599106161354, 'bias': 2.219943558133125}
Calibration: {'mode': 'linear', 'slope': 0.9232734441757202, 'intercept': 3.9805562496185303, 'val_metrics_raw': {'mae': 11.435509659175308, 'rmse': 22.177667637038642, 'r2': 0.7609240133596321, 'bias': -0.2561227618068563}, 'val_metrics_calibrated': {'mae': 13.490859290685899, 'rmse': 21.92935613033264, 'r2': 0.7662476550098198, 'bias': -2.1981822596528054e-06}}
Calibrated test metrics: {'mae': 15.805235627699096, 'rmse': 26.615679997423918, 'r2': 0.6667257052809461, 'bias': 2.7568441447083867}
Using device: cuda
Saved prediction to /home/nabinadhikari/tree_canopy_project/runs/20260427_143154/unet_2023/pred_2023.tif
{'model': {'mae': 15.588180819167425, 'rmse': 25.761802142886438, 'r2': 0.6856113445645478, 'bias': 2.713847720955692}, 'nlcd': {'mae': 17.433449704331746, 'rmse': 29.605261491812495, 'r2': 0.584804929806954, 'bias': -6.463183539326043}}
== U-Net + consistency ==
[ALIGN LABEL] -> NLCD grid
[ALIGN LABEL] -> NLCD grid
Using device: cuda
Val metrics: {'mae': 21.420781512823343, 'rmse': 26.55996218906333, 'r2': 0.6571066044836262, 'bias': -5.111592274916942}
Val metrics: {'mae': 18.24157929792827, 'rmse': 24.622310800898006, 'r2': 0.7053124192967923, 'bias': -3.9159649899657425}
Val metrics: {'mae': 16.87458498344504, 'rmse': 24.402221375191278, 'r2': 0.7105570733978441, 'bias': -3.646391379520263}
Val metrics: {'mae': 15.3505635768342, 'rmse': 23.738127529081947, 'r2': 0.7260967832175795, 'bias': -2.136012035567335}
Val metrics: {'mae': 14.700300009031475, 'rmse': 23.522997760431565, 'r2': 0.7310388519776578, 'bias': -1.6968166842464836}
Val metrics: {'mae': 14.082558569904224, 'rmse': 23.40525010187848, 'r2': 0.7337247581339572, 'bias': -1.9148836658321589}
Val metrics: {'mae': 13.582740879411583, 'rmse': 23.339951829701583, 'r2': 0.7352084473679724, 'bias': -0.8812816155486691}
Val metrics: {'mae': 13.806557753044475, 'rmse': 23.42337806096672, 'r2': 0.7333121245584162, 'bias': 0.5822494678579004}
Val metrics: {'mae': 13.42516636740433, 'rmse': 23.104911672499316, 'r2': 0.7405146517648153, 'bias': -0.0197298283400534}
Val metrics: {'mae': 13.371355250280443, 'rmse': 23.065605842627303, 'r2': 0.7413967682288161, 'bias': -0.369214003480044}
Val metrics: {'mae': 12.935602089807617, 'rmse': 23.19858862516036, 'r2': 0.7384062625181205, 'bias': 0.5824943672918519}
Val metrics: {'mae': 12.96026564734096, 'rmse': 23.22565792786451, 'r2': 0.7377954243753168, 'bias': 1.2875399833757126}
Val metrics: {'mae': 12.530933548517849, 'rmse': 23.20865831941483, 'r2': 0.7381791158844948, 'bias': -1.4401739583138047}
Val metrics: {'mae': 12.867286039141712, 'rmse': 23.040753925122605, 'r2': 0.741953729443927, 'bias': -0.041611999263009986}
Val metrics: {'mae': 12.414726017355306, 'rmse': 22.80471415971328, 'r2': 0.7472137301320197, 'bias': 0.4953095390049697}
Val metrics: {'mae': 12.025625206855365, 'rmse': 22.68537589987773, 'r2': 0.7498524951180807, 'bias': -1.6554240637000581}
Val metrics: {'mae': 12.333208801284721, 'rmse': 22.403396846752692, 'r2': 0.75603250938672, 'bias': 0.4857608819815939}
Val metrics: {'mae': 12.145430454669912, 'rmse': 22.438952392890922, 'r2': 0.7552575125570149, 'bias': 0.6521992115744857}
Val metrics: {'mae': 12.162445427386704, 'rmse': 22.717150789236417, 'r2': 0.7491512525286687, 'bias': 0.8249624323587381}
Val metrics: {'mae': 11.897582510309936, 'rmse': 22.439789678403077, 'r2': 0.7552392476078738, 'bias': -0.4078195061008951}
Val metrics: {'mae': 12.88203664067752, 'rmse': 23.133893525841557, 'r2': 0.7398632679349902, 'bias': 1.564118019172061}
Val metrics: {'mae': 12.145210732682429, 'rmse': 22.799452134187238, 'r2': 0.7473303739392594, 'bias': 1.335358200134257}
Val metrics: {'mae': 11.860922997678502, 'rmse': 22.344677046768112, 'r2': 0.7573097217962087, 'bias': 0.7680758971390558}
Val metrics: {'mae': 12.180274673323416, 'rmse': 22.661565549404013, 'r2': 0.7503773243345216, 'bias': 1.6085244513664316}
Val metrics: {'mae': 11.854015397362835, 'rmse': 22.41752626566088, 'r2': 0.7557246805412697, 'bias': 1.253000608100831}
Val metrics: {'mae': 11.955834820123064, 'rmse': 22.328759123881955, 'r2': 0.7576553745095735, 'bias': 1.309547616507758}
Val metrics: {'mae': 11.981097391419539, 'rmse': 22.64294529398762, 'r2': 0.7507873691215249, 'bias': 1.6065623805348894}
Val metrics: {'mae': 11.870133485374264, 'rmse': 22.413377838610337, 'r2': 0.7558150798626392, 'bias': 0.5814444261889763}
Val metrics: {'mae': 11.984952648573376, 'rmse': 22.650285632980093, 'r2': 0.7506257645530275, 'bias': 1.4868176413146048}
Val metrics: {'mae': 12.065069766071607, 'rmse': 22.554707572318577, 'r2': 0.7527259074114565, 'bias': 1.3118498705376662}
Val metrics: {'mae': 11.81983443863697, 'rmse': 22.442221683428983, 'r2': 0.7551861908149766, 'bias': 0.952738459465879}
Val metrics: {'mae': 11.773997239190493, 'rmse': 22.30029196454222, 'r2': 0.758272915799333, 'bias': -0.3219115623829121}
Val metrics: {'mae': 11.588779698728287, 'rmse': 22.29280460529415, 'r2': 0.7584352090719287, 'bias': -0.10961034366511019}
Val metrics: {'mae': 11.702655022142253, 'rmse': 22.306627666694283, 'r2': 0.7581355428566268, 'bias': 0.40789373653698413}
Val metrics: {'mae': 11.844007507498738, 'rmse': 22.3183101421631, 'r2': 0.7578821369596997, 'bias': 1.031021520443451}
Val metrics: {'mae': 11.756172222396268, 'rmse': 22.4254760605793, 'r2': 0.7555513979944414, 'bias': 0.779081812998773}
Val metrics: {'mae': 11.784437958090624, 'rmse': 22.40338609860992, 'r2': 0.7560327434759351, 'bias': 1.359440830568922}
Val metrics: {'mae': 11.61456046494914, 'rmse': 22.228914487625723, 'r2': 0.7598178513373477, 'bias': 0.6983606185186112}
Val metrics: {'mae': 11.520801803363804, 'rmse': 22.18190298406635, 'r2': 0.7608326902797674, 'bias': 0.4972870523897568}
Val metrics: {'mae': 11.926429606411224, 'rmse': 22.5488783819111, 'r2': 0.7528537052559067, 'bias': 1.1738943867849372}
Raw test metrics: {'mae': 13.585714149027726, 'rmse': 27.057192954593077, 'r2': 0.6555769859759768, 'bias': 3.77757122390877}
Calibration: {'mode': 'linear', 'slope': 0.9274078011512756, 'intercept': 3.081151247024536, 'val_metrics_raw': {'mae': 11.520801803363804, 'rmse': 22.18190298406635, 'r2': 0.7608326902797674, 'bias': 0.4972870523897568}, 'val_metrics_calibrated': {'mae': 13.468667525366827, 'rmse': 21.95765858135815, 'r2': 0.7656438950568603, 'bias': 2.0824743606277536e-06}}
Calibrated test metrics: {'mae': 15.519921711574447, 'rmse': 26.54455526453373, 'r2': 0.6685045343913558, 'bias': 3.487556574810525}
Using device: cuda
Saved prediction to /home/nabinadhikari/tree_canopy_project/runs/20260427_143154/unet_consistency_2023/pred_2023.tif
{'model': {'mae': 15.522230724656204, 'rmse': 25.817845876036422, 'r2': 0.6842419776954125, 'bias': 3.8043171904548547}, 'nlcd': {'mae': 17.433449704331746, 'rmse': 29.605261491812495, 'r2': 0.584804929806954, 'bias': -6.463183539326043}}
== Prithvi 100M baseline ==
[ALIGN LABEL] -> NLCD grid
[ALIGN LABEL] -> NLCD grid
Using device: cuda

Prithvi checkpoint loaded
Loaded keys: 148
Missing keys: 2
Unexpected keys: 0

Val metrics: {'mae': 25.283277614710048, 'rmse': 35.61721626130158, 'r2': 0.383370693065779, 'bias': -0.6057843803831803}
Val metrics: {'mae': 25.19936354761943, 'rmse': 36.034922061776705, 'r2': 0.3688226734776835, 'bias': 5.0740178478755364}
Val metrics: {'mae': 24.263349733398435, 'rmse': 35.84815692682073, 'r2': 0.37534836728654897, 'bias': -2.639290242791247}
Val metrics: {'mae': 24.387508582945916, 'rmse': 35.688725122059815, 'r2': 0.38089218810588277, 'bias': 0.8291820948384226}
Val metrics: {'mae': 23.96545851661785, 'rmse': 35.75476941078961, 'r2': 0.37859867000570235, 'bias': -1.8222608885387337}
Val metrics: {'mae': 23.963955444782826, 'rmse': 36.04268700698254, 'r2': 0.36855062707799047, 'bias': 1.1089300019300745}
Val metrics: {'mae': 23.920506439899686, 'rmse': 35.7532345770525, 'r2': 0.3786520182594131, 'bias': -0.0012809724807754952}
Val metrics: {'mae': 24.09216098534017, 'rmse': 35.82743713538311, 'r2': 0.37607024044901716, 'bias': -2.9361054979359174}
Val metrics: {'mae': 23.54979725637082, 'rmse': 35.67101184202509, 'r2': 0.38150659551540944, 'bias': -1.8416450319216555}
Val metrics: {'mae': 23.63679387453352, 'rmse': 35.629283647163525, 'r2': 0.3829527848116663, 'bias': -1.75635820942253}
Val metrics: {'mae': 23.6587748411647, 'rmse': 35.76519030957128, 'r2': 0.3782363964329214, 'bias': 0.5870277008295472}
Val metrics: {'mae': 23.40501914963281, 'rmse': 35.824737997418346, 'r2': 0.3761642471209625, 'bias': -0.7081244784427227}
Val metrics: {'mae': 23.52418635190911, 'rmse': 35.73419189383253, 'r2': 0.3793137196100269, 'bias': -1.2544237845614379}
Val metrics: {'mae': 23.44078842297259, 'rmse': 35.7279981850784, 'r2': 0.379528864639446, 'bias': -0.44389168371094545}
Val metrics: {'mae': 23.532381063074002, 'rmse': 35.72032050336307, 'r2': 0.3797955052732537, 'bias': -0.9985443354573702}
Val metrics: {'mae': 23.35538127443093, 'rmse': 36.05178432555794, 'r2': 0.36823182614755445, 'bias': -3.2377744788735883}
Val metrics: {'mae': 23.259774875408866, 'rmse': 35.821037111510904, 'r2': 0.3762931315635363, 'bias': -1.3647107334533073}
Val metrics: {'mae': 23.381756620211842, 'rmse': 35.73309881294292, 'r2': 0.37935169164178684, 'bias': -0.6005721269332845}
Val metrics: {'mae': 23.35827658967104, 'rmse': 35.69010474278531, 'r2': 0.3808443214211059, 'bias': -0.5828958111879124}
Val metrics: {'mae': 23.24122619272725, 'rmse': 35.782553938494814, 'r2': 0.37763253032245836, 'bias': -1.2150705536925237}
Val metrics: {'mae': 23.32467366918072, 'rmse': 35.69506871640942, 'r2': 0.3806720783740507, 'bias': -1.5155024268981419}
Val metrics: {'mae': 23.22754091090027, 'rmse': 35.75635442382899, 'r2': 0.3785435751997245, 'bias': -0.6529098498094011}
Val metrics: {'mae': 23.28102101474675, 'rmse': 35.76024223042477, 'r2': 0.37840842530660534, 'bias': -0.24365135243934055}
Val metrics: {'mae': 23.240629713465207, 'rmse': 35.824418911166546, 'r2': 0.3761753599182508, 'bias': -0.5688785039698432}
Val metrics: {'mae': 23.18520502027927, 'rmse': 35.80918913761471, 'r2': 0.37670565120056054, 'bias': -0.2494653083934811}
Val metrics: {'mae': 23.214064851039886, 'rmse': 35.81731707151062, 'r2': 0.3764226696343552, 'bias': -0.4970709818378941}
Val metrics: {'mae': 23.26236880990879, 'rmse': 35.73983629054573, 'r2': 0.3791176230366813, 'bias': -0.7071022962601207}
Val metrics: {'mae': 23.20732699565544, 'rmse': 35.78970458289912, 'r2': 0.37738376254919304, 'bias': -1.005220358360371}
Val metrics: {'mae': 23.224096125264083, 'rmse': 35.818782932084595, 'r2': 0.376371627501503, 'bias': -0.7805157368056428}
Val metrics: {'mae': 23.230237283380497, 'rmse': 35.82545330998091, 'r2': 0.3761393346146349, 'bias': -0.8733464446335302}
Val metrics: {'mae': 23.191179097911753, 'rmse': 35.865551746636676, 'r2': 0.37474201316705846, 'bias': -1.0607699450305135}
Val metrics: {'mae': 23.198847139609864, 'rmse': 35.83265562043951, 'r2': 0.3758884688508992, 'bias': -0.8025465247100689}
Val metrics: {'mae': 23.23649482404987, 'rmse': 35.82648519529972, 'r2': 0.37610339581285235, 'bias': -0.7504571689455833}
Val metrics: {'mae': 23.173481383911007, 'rmse': 35.86062430088606, 'r2': 0.3749138054870623, 'bias': -0.8049693346476776}
Val metrics: {'mae': 23.16972562255715, 'rmse': 35.87460076331921, 'r2': 0.37442646337390306, 'bias': -0.8445000496078228}
Val metrics: {'mae': 23.15021179198554, 'rmse': 35.859024250935974, 'r2': 0.3749695851529643, 'bias': -0.6441291368986696}
Val metrics: {'mae': 23.20219540024826, 'rmse': 35.81112589915803, 'r2': 0.3766382268774009, 'bias': -0.6718895771275533}
Val metrics: {'mae': 23.186582998139652, 'rmse': 35.85483946384965, 'r2': 0.3751154600974418, 'bias': -1.005269064026957}
Val metrics: {'mae': 23.207680998027822, 'rmse': 35.83463216087653, 'r2': 0.37581961457931146, 'bias': -0.715881959843512}
Val metrics: {'mae': 23.18544705648945, 'rmse': 35.86896540269182, 'r2': 0.3746229843394028, 'bias': -0.8516136744082228}
Raw test metrics: {'mae': 27.00879018905477, 'rmse': 38.53233514300604, 'r2': 0.3014824157657737, 'bias': 5.068660040537253}
Calibration: {'mode': 'linear', 'slope': 0.8180793523788452, 'intercept': 9.372904777526855, 'val_metrics_raw': {'mae': 25.283277614710048, 'rmse': 35.61721626130158, 'r2': 0.383370693065779, 'bias': -0.6057843803831803}, 'val_metrics_calibrated': {'mae': 28.083791309052838, 'rmse': 35.03097074030178, 'r2': 0.40350259352272866, 'bias': 6.45386117525455e-07}}
Calibrated test metrics: {'mae': 29.977472219316663, 'rmse': 37.67868052086133, 'r2': 0.3320898292831903, 'bias': 5.758330467759756}
Using device: cuda
Saved prediction to /home/nabinadhikari/tree_canopy_project/runs/20260427_143154/prithvi_100m_2023/pred_2023.tif
{'model': {'mae': 29.77073086284326, 'rmse': 37.234313740916, 'r2': 0.3432484700134233, 'bias': 5.257390571250009}, 'nlcd': {'mae': 17.433449704331746, 'rmse': 29.605261491812495, 'r2': 0.584804929806954, 'bias': -6.463183539326043}}
== Prithvi 100M + consistency ==
[ALIGN LABEL] -> NLCD grid
[ALIGN LABEL] -> NLCD grid
Using device: cuda

Prithvi checkpoint loaded
Loaded keys: 148
Missing keys: 2
Unexpected keys: 0

Val metrics: {'mae': 25.671243180533835, 'rmse': 36.047807667401614, 'r2': 0.3683711916490725, 'bias': -4.940130882940528}
Val metrics: {'mae': 25.301472931905682, 'rmse': 35.67557729974045, 'r2': 0.38134826604620486, 'bias': -1.9453038270200802}
Val metrics: {'mae': 24.469778589358985, 'rmse': 35.807011222227494, 'r2': 0.376781466437077, 'bias': -0.40537393206844996}
Val metrics: {'mae': 25.217616382244447, 'rmse': 35.952869075462985, 'r2': 0.37169383387553934, 'bias': 2.6736464495911907}
Val metrics: {'mae': 24.328921905248222, 'rmse': 36.067184286096804, 'r2': 0.367691975868101, 'bias': -2.6358898563394044}
Val metrics: {'mae': 24.633999051042668, 'rmse': 35.56702174625432, 'r2': 0.3851074711030015, 'bias': -0.34681056674910454}
Val metrics: {'mae': 23.919048943109345, 'rmse': 35.72380299313143, 'r2': 0.37967456788733944, 'bias': -1.1406625567684665}
Val metrics: {'mae': 23.899001287610137, 'rmse': 35.64853817269478, 'r2': 0.3822856840197233, 'bias': 1.1380385358367622}
Val metrics: {'mae': 24.272903165322422, 'rmse': 35.499358667824104, 'r2': 0.387444801808587, 'bias': 0.7251429390913401}
Val metrics: {'mae': 24.02928057009041, 'rmse': 35.787271782541765, 'r2': 0.37746840418241245, 'bias': -2.0842161100085854}
Val metrics: {'mae': 23.757835410630673, 'rmse': 35.693856489660796, 'r2': 0.38071414318308605, 'bias': -0.39422012805807516}
Val metrics: {'mae': 23.913882523415705, 'rmse': 36.16462914954826, 'r2': 0.36427067171136884, 'bias': 3.3270916519412204}
Val metrics: {'mae': 23.960302937504316, 'rmse': 35.90220030839967, 'r2': 0.37346354330555653, 'bias': -0.27042250738808643}
Val metrics: {'mae': 23.637560631259078, 'rmse': 35.82730584351727, 'r2': 0.37607481329925374, 'bias': 0.8908322003980553}
Val metrics: {'mae': 23.592180512681534, 'rmse': 35.72217594168449, 'r2': 0.379731072420612, 'bias': -0.03680629794305933}
Val metrics: {'mae': 23.76396709941074, 'rmse': 35.585801363847835, 'r2': 0.3844579652096236, 'bias': -0.9817987437518542}
Val metrics: {'mae': 23.56611451107262, 'rmse': 35.73315221487904, 'r2': 0.37934983656359966, 'bias': 0.12364295751401935}
Val metrics: {'mae': 23.457522252574208, 'rmse': 35.687366244354266, 'r2': 0.3809393332915737, 'bias': -1.3282086830915565}
Val metrics: {'mae': 23.61283435415796, 'rmse': 35.776467421230755, 'r2': 0.3778442384183449, 'bias': 1.206782156586573}
Val metrics: {'mae': 23.492665599727314, 'rmse': 35.541456312543225, 'r2': 0.3859911180141451, 'bias': 0.056137247556815796}
Val metrics: {'mae': 23.2384520688431, 'rmse': 35.80242161494947, 'r2': 0.3769412197874281, 'bias': -0.8284590936119969}
Val metrics: {'mae': 23.40118419009372, 'rmse': 35.80917781552772, 'r2': 0.3767060453447394, 'bias': -0.653335408548741}
Val metrics: {'mae': 23.32798840239386, 'rmse': 35.896385179980484, 'r2': 0.3736664887997748, 'bias': 0.0944533873197314}
Val metrics: {'mae': 23.21899745867897, 'rmse': 35.95168016132364, 'r2': 0.37173538770713976, 'bias': 0.4163564182836143}
Val metrics: {'mae': 23.374511299019908, 'rmse': 35.78411165062655, 'r2': 0.3775783424374124, 'bias': -0.7763824180591319}
Val metrics: {'mae': 23.22186422407431, 'rmse': 35.83990133413694, 'r2': 0.3756360404108917, 'bias': -0.7018221541506238}
Val metrics: {'mae': 23.299921325813315, 'rmse': 35.78112257113597, 'r2': 0.3776823209922522, 'bias': -0.6465697284463998}
Val metrics: {'mae': 23.28738575588314, 'rmse': 35.7469486993843, 'r2': 0.3788704809585882, 'bias': -1.2331944451406158}
Val metrics: {'mae': 23.281160236558865, 'rmse': 35.70751740011717, 'r2': 0.38024002083291275, 'bias': -0.8517157842606236}
Val metrics: {'mae': 23.249537297036913, 'rmse': 35.80639071873133, 'r2': 0.37680306589009405, 'bias': -0.6091238109516374}
Val metrics: {'mae': 23.2745676145399, 'rmse': 35.74911279067018, 'r2': 0.37879527332737606, 'bias': -0.6664398931271142}
Val metrics: {'mae': 23.19572163955276, 'rmse': 35.77987074597053, 'r2': 0.3777258645844047, 'bias': -0.24448827891345642}
Val metrics: {'mae': 23.305578980636714, 'rmse': 35.71670166871549, 'r2': 0.3799211650540857, 'bias': -0.5605486410473826}
Val metrics: {'mae': 23.30690599611728, 'rmse': 35.69483068830094, 'r2': 0.3806803381683306, 'bias': -0.29035698359153883}
Val metrics: {'mae': 23.279807914801864, 'rmse': 35.74576386104999, 'r2': 0.3789116551507987, 'bias': -0.5139356387097568}
Val metrics: {'mae': 23.246317020706247, 'rmse': 35.76390924550645, 'r2': 0.3782809372133452, 'bias': -0.33693899787604514}
Val metrics: {'mae': 23.19339974436033, 'rmse': 35.8008863072, 'r2': 0.3769946556400844, 'bias': -0.43285548492027376}
Val metrics: {'mae': 23.24575231772504, 'rmse': 35.80639191874343, 'r2': 0.37680302411856337, 'bias': -0.8736559259814076}
Val metrics: {'mae': 23.173855918071524, 'rmse': 35.81498763671782, 'r2': 0.37650377763532417, 'bias': -0.43121681417403274}
Val metrics: {'mae': 23.190094055773557, 'rmse': 35.81733124566851, 'r2': 0.3764221760917892, 'bias': -0.5811784912307806}
Raw test metrics: {'mae': 26.03898337522881, 'rmse': 38.05074776463922, 'r2': 0.31883381996727234, 'bias': 6.301811050537178}
Calibration: {'mode': 'linear', 'slope': 0.7957155108451843, 'intercept': 9.391620635986328, 'val_metrics_raw': {'mae': 24.272903165322422, 'rmse': 35.499358667824104, 'r2': 0.387444801808587, 'bias': 0.7251429390913401}, 'val_metrics_calibrated': {'mae': 27.60184414672143, 'rmse': 34.69002814944458, 'r2': 0.4150570380810351, 'bias': -1.3884690199654552e-06}}
Calibrated test metrics: {'mae': 29.392950644518113, 'rmse': 36.923162803960324, 'r2': 0.3586066160874205, 'bias': 5.690838558520954}
Using device: cuda
Saved prediction to /home/nabinadhikari/tree_canopy_project/runs/20260427_143154/prithvi_consistency_2023/pred_2023.tif
{'model': {'mae': 29.49767277364449, 'rmse': 36.67143516130151, 'r2': 0.36295487163248874, 'bias': 5.6460744107955065}, 'nlcd': {'mae': 17.433449704331746, 'rmse': 29.605261491812495, 'r2': 0.584804929806954, 'bias': -6.463183539326043}}
Pipeline finished successfully.
