Project dir: /home/nabinadhikari/tree_canopy_project
Python: /home/nabinadhikari/.conda/envs/dl/bin/python
Conda env: dl
Run tag: 20260427_134448
Data root: /home/nabinadhikari/tree_canopy_project/data
Runs root: /home/nabinadhikari/tree_canopy_project/runs/20260427_134448
Reference year: 2015
Test year: 2023
torch: 2.11.0+cu130
cuda available: True
gpu: NVIDIA A30
mps available: False
== Prepare dataset ==
[ALIGN LABEL] -> NLCD grid
Saved manifest to /home/nabinadhikari/tree_canopy_project/runs/20260427_134448/prepare_2023/manifest.json
Saved stats to /home/nabinadhikari/tree_canopy_project/runs/20260427_134448/prepare_2023/stats.json
== Random Forest baseline ==
[ALIGN LABEL] -> NLCD grid
[ALIGN LABEL] -> NLCD grid
{'r2': 0.5465096465509565, 'mae': 20.91863311293757, 'rmse': 31.053108431545752, 'feature_names': ['nlcd', 'ndvi', 'lst', 'tmean'], 'reference_year': 2015, 'num_eval_pixels': 533248}
Saved RF prediction to /home/nabinadhikari/tree_canopy_project/runs/20260427_134448/rf_2023/pred_2023.tif
{'model': {'mae': 20.92209714917779, 'rmse': 30.47685859521791, 'r2': 0.5599980138279254, 'bias': 5.795041069848679}, 'nlcd': {'mae': 17.433451160012513, 'rmse': 29.605267045983325, 'r2': 0.584804916157726, 'bias': -6.463192811374342}}
== U-Net baseline ==
[ALIGN LABEL] -> NLCD grid
[ALIGN LABEL] -> NLCD grid
Using device: cuda
Val metrics: {'mae': 21.411247888290806, 'rmse': 27.196835933529208, 'r2': 0.640465162556505, 'bias': 8.247139781152416}
Val metrics: {'mae': 18.846262111276634, 'rmse': 25.661628266740774, 'r2': 0.679909610898921, 'bias': 7.25362730421095}
Val metrics: {'mae': 17.355626348097875, 'rmse': 24.773518352404935, 'r2': 0.7016819064642242, 'bias': 6.038673872317266}
Val metrics: {'mae': 15.894443765810387, 'rmse': 23.89303104612231, 'r2': 0.7225104004495971, 'bias': 1.1499397146812178}
Val metrics: {'mae': 14.919476567062176, 'rmse': 23.5160088041091, 'r2': 0.731198651207855, 'bias': 1.7838518488854107}
Val metrics: {'mae': 14.718289827686442, 'rmse': 24.130424751058385, 'r2': 0.7169689070189753, 'bias': -1.420616245188366}
Val metrics: {'mae': 13.764616163303005, 'rmse': 23.393889033182255, 'r2': 0.7339831990463457, 'bias': 1.143773917862379}
Val metrics: {'mae': 13.821375788475713, 'rmse': 23.842713778992973, 'r2': 0.7236779221569092, 'bias': 0.07421014783961877}
Val metrics: {'mae': 12.926403511126187, 'rmse': 23.003188229055635, 'r2': 0.7427944819208147, 'bias': 1.0560175546578934}
Val metrics: {'mae': 13.714299370278928, 'rmse': 23.91403779932156, 'r2': 0.7220222482332739, 'bias': 2.222208043039635}
Val metrics: {'mae': 13.439298271901908, 'rmse': 23.841562937773737, 'r2': 0.7237045965669807, 'bias': -1.5824993139517773}
Val metrics: {'mae': 13.178022279150918, 'rmse': 22.90474973689435, 'r2': 0.7449911121415613, 'bias': 1.9240911712482218}
Val metrics: {'mae': 13.27852368843306, 'rmse': 23.150646593082314, 'r2': 0.739486360677595, 'bias': 1.2309936073866752}
Val metrics: {'mae': 13.005749386661057, 'rmse': 23.194198033672095, 'r2': 0.7385052722094139, 'bias': 2.1078533620651685}
Val metrics: {'mae': 12.742981619342451, 'rmse': 23.401692006545755, 'r2': 0.7338057109694303, 'bias': -1.1827368807193621}
Val metrics: {'mae': 12.08788701396004, 'rmse': 22.736201206079233, 'r2': 0.7487303567069838, 'bias': -0.008493052930132281}
Val metrics: {'mae': 12.53435893295202, 'rmse': 23.001473583653517, 'r2': 0.7428328244164744, 'bias': -1.324578073361068}
Val metrics: {'mae': 12.390910224069613, 'rmse': 22.92464827935413, 'r2': 0.7445478408203852, 'bias': -0.31678481745230475}
Val metrics: {'mae': 12.274026468722866, 'rmse': 22.68563246775177, 'r2': 0.7498468368317258, 'bias': -0.5478246283156181}
Val metrics: {'mae': 12.135950692033676, 'rmse': 23.06172892850635, 'r2': 0.7414836940411931, 'bias': -0.632527640949079}
Val metrics: {'mae': 12.334820064897492, 'rmse': 22.9289619091961, 'r2': 0.7444516971661067, 'bias': -0.6998338688031954}
Val metrics: {'mae': 12.112519173932881, 'rmse': 22.387472894177836, 'r2': 0.7563792019982951, 'bias': 0.060950140114842385}
Val metrics: {'mae': 11.914360548123838, 'rmse': 22.756691162994276, 'r2': 0.7482772621864979, 'bias': -2.035210284565024}
Val metrics: {'mae': 12.246867524481454, 'rmse': 23.101377247917792, 'r2': 0.7405940341280322, 'bias': 0.20375708649437865}
Val metrics: {'mae': 11.689401053714612, 'rmse': 22.55337974565537, 'r2': 0.7527550212864538, 'bias': 0.45877483433206856}
Val metrics: {'mae': 11.723937636286959, 'rmse': 22.724115753690516, 'r2': 0.7489974110139631, 'bias': -0.7711804419864905}
Val metrics: {'mae': 12.09455802636201, 'rmse': 22.882678899772134, 'r2': 0.745482324490079, 'bias': 0.5427593462858838}
Val metrics: {'mae': 12.069752681579335, 'rmse': 22.763179357176295, 'r2': 0.748133703633366, 'bias': 0.22764283685082976}
Val metrics: {'mae': 12.018129867678846, 'rmse': 22.766413882274495, 'r2': 0.748062120861543, 'bias': -0.2879391828330457}
Val metrics: {'mae': 12.237104187614884, 'rmse': 22.764413729916097, 'r2': 0.7481063871223556, 'bias': -0.6674397970525229}
Val metrics: {'mae': 11.887487137395908, 'rmse': 22.44316242416779, 'r2': 0.755165666006515, 'bias': 0.5832953362551206}
Val metrics: {'mae': 11.951547807125369, 'rmse': 22.826825408679213, 'r2': 0.7467232938270345, 'bias': 0.5015429883934542}
Val metrics: {'mae': 11.743307396912124, 'rmse': 22.72443473753773, 'r2': 0.7489903641977689, 'bias': 0.3781070627379728}
Val metrics: {'mae': 11.994579210990041, 'rmse': 22.855467460140755, 'r2': 0.7460872951242961, 'bias': 0.4910422692646732}
Val metrics: {'mae': 11.815779579046255, 'rmse': 22.655909381504603, 'r2': 0.7505019169237535, 'bias': 0.11328397226121421}
Val metrics: {'mae': 11.8040340710597, 'rmse': 22.649815128853064, 'r2': 0.7506361247215673, 'bias': 0.08886186452967457}
Val metrics: {'mae': 11.63877188858789, 'rmse': 22.568921963576308, 'r2': 0.75241413584444, 'bias': -0.4865501603050383}
Val metrics: {'mae': 11.792222627744337, 'rmse': 22.62008293391301, 'r2': 0.7512903701603467, 'bias': 0.1399151207353851}
Val metrics: {'mae': 11.70646579357742, 'rmse': 22.62953122340848, 'r2': 0.751082557363526, 'bias': 0.3292525647062798}
Val metrics: {'mae': 11.78830023768563, 'rmse': 22.433833515179728, 'r2': 0.7553691633991727, 'bias': 0.25926527965433704}
Raw test metrics: {'mae': 14.429504462022532, 'rmse': 27.181107062467476, 'r2': 0.652415046818468, 'bias': 2.639555613516422}
Calibration: {'mode': 'linear', 'slope': 0.9397222995758057, 'intercept': 2.884140729904175, 'val_metrics_raw': {'mae': 12.112519173932881, 'rmse': 22.387472894177836, 'r2': 0.7563792019982951, 'bias': 0.060950140114842385}, 'val_metrics_calibrated': {'mae': 13.704013115579862, 'rmse': 22.24334201158772, 'r2': 0.7595059730177791, 'bias': -1.399296453946254e-06}}
Calibrated test metrics: {'mae': 16.05895920931318, 'rmse': 26.877628290058063, 'r2': 0.6601333331450981, 'bias': 2.7930088176308225}
Using device: cuda
Saved prediction to /home/nabinadhikari/tree_canopy_project/runs/20260427_134448/unet_2023/pred_2023.tif
{'model': {'mae': 16.015516965110198, 'rmse': 26.170983671992968, 'r2': 0.6755449945650385, 'bias': 2.418377144469496}, 'nlcd': {'mae': 17.433449704331746, 'rmse': 29.605261491812495, 'r2': 0.584804929806954, 'bias': -6.463183539326043}}
== U-Net + consistency ==
[ALIGN LABEL] -> NLCD grid
[ALIGN LABEL] -> NLCD grid
Using device: cuda
Val metrics: {'mae': 21.578325007768075, 'rmse': 27.462090143784476, 'r2': 0.6334177840772381, 'bias': 8.511040093868758}
Val metrics: {'mae': 18.582450588279972, 'rmse': 25.215372854799117, 'r2': 0.6909455479824822, 'bias': 5.9008369005407415}
Val metrics: {'mae': 17.05314215201926, 'rmse': 24.674466416913575, 'r2': 0.704062667347561, 'bias': 5.336825997280238}
Val metrics: {'mae': 15.668456236402712, 'rmse': 23.909367218364668, 'r2': 0.7221308196773291, 'bias': 2.348253335216142}
Val metrics: {'mae': 15.011338340540526, 'rmse': 23.583594197964924, 'r2': 0.7296513519726071, 'bias': 3.194270464297252}
Val metrics: {'mae': 14.889704490459232, 'rmse': 24.303230178130093, 'r2': 0.7129006457480156, 'bias': 4.10465683833551}
Val metrics: {'mae': 16.104598358667904, 'rmse': 24.733500089488743, 'r2': 0.7026449129682134, 'bias': 6.622941052095473}
Val metrics: {'mae': 13.447574989139833, 'rmse': 23.486718041856033, 'r2': 0.7318678543065045, 'bias': 1.2922872133778687}
Val metrics: {'mae': 13.547210270333549, 'rmse': 23.812325967467, 'r2': 0.7243818246049365, 'bias': 0.37208110097812636}
Val metrics: {'mae': 13.13576065648482, 'rmse': 23.12039461675139, 'r2': 0.7401667652752522, 'bias': 1.4787187497952567}
Val metrics: {'mae': 13.614426015884971, 'rmse': 23.889964593678226, 'r2': 0.722581622393429, 'bias': 3.2822327415774484}
Val metrics: {'mae': 12.757936847200947, 'rmse': 23.214545861654354, 'r2': 0.7380462622732507, 'bias': 0.051835612685659546}
Val metrics: {'mae': 13.000703315160019, 'rmse': 23.2430735731483, 'r2': 0.7374020513251722, 'bias': 1.9386219408278982}
Val metrics: {'mae': 13.001717788354297, 'rmse': 23.846927278094263, 'r2': 0.7235802499108854, 'bias': 0.7687669903737281}
Val metrics: {'mae': 12.53134146725603, 'rmse': 22.897425502682562, 'r2': 0.7451541740582861, 'bias': 1.6444515463989564}
Val metrics: {'mae': 13.35462195161519, 'rmse': 23.466238143206933, 'r2': 0.7323352610343545, 'bias': 3.361815328956072}
Val metrics: {'mae': 13.04392534601951, 'rmse': 23.068343874563666, 'r2': 0.7413353689368939, 'bias': 2.1543547282553903}
Val metrics: {'mae': 13.251598725404495, 'rmse': 23.628555729128948, 'r2': 0.7286195435096265, 'bias': 2.8260246110954843}
Val metrics: {'mae': 12.456310843672528, 'rmse': 22.929511790488874, 'r2': 0.7444394399242245, 'bias': 0.7713330709713213}
Val metrics: {'mae': 12.47994435592605, 'rmse': 23.249400071239332, 'r2': 0.7372590795695104, 'bias': 0.9276365214739595}
Val metrics: {'mae': 12.460403006714884, 'rmse': 23.001080857894507, 'r2': 0.7428416060548901, 'bias': 1.7519386861133932}
Val metrics: {'mae': 12.598877255742472, 'rmse': 23.17817633407142, 'r2': 0.7388664093319259, 'bias': 1.9582760132302466}
Val metrics: {'mae': 12.133703479077596, 'rmse': 22.850834808745972, 'r2': 0.7461902175287894, 'bias': 1.3267549718003506}
Val metrics: {'mae': 12.37120609684968, 'rmse': 22.955889977627436, 'r2': 0.7438511062602515, 'bias': 1.1574489105444419}
Val metrics: {'mae': 12.375683872104316, 'rmse': 22.980501942776698, 'r2': 0.7433015560386803, 'bias': 1.6123276401981828}
Val metrics: {'mae': 12.598237003367736, 'rmse': 22.959764417098544, 'r2': 0.7437646345847377, 'bias': 1.50998204612779}
Val metrics: {'mae': 12.481676393605944, 'rmse': 23.28024626577408, 'r2': 0.7365614328440824, 'bias': 2.0194854195275522}
Val metrics: {'mae': 12.130114164624127, 'rmse': 22.887484941946948, 'r2': 0.7453754007208262, 'bias': 1.9524250398491274}
Val metrics: {'mae': 12.223846443062964, 'rmse': 23.0298296274002, 'r2': 0.7421983660574375, 'bias': 1.5493398889088739}
Val metrics: {'mae': 12.533665621193725, 'rmse': 23.02218979055193, 'r2': 0.7423693821497361, 'bias': 2.1259668928586546}
Val metrics: {'mae': 12.260352746315688, 'rmse': 22.8774103885617, 'r2': 0.7455995113688254, 'bias': 1.349703457124854}
Val metrics: {'mae': 12.319935376624032, 'rmse': 23.15035525297369, 'r2': 0.739492917522053, 'bias': 1.615761390651229}
Val metrics: {'mae': 12.676486717066807, 'rmse': 23.19600650055587, 'r2': 0.7384644927876685, 'bias': 2.9874415408645434}
Val metrics: {'mae': 12.656119546129975, 'rmse': 23.22932422505154, 'r2': 0.7377126369876933, 'bias': 2.2453948837709534}
Val metrics: {'mae': 12.742221443190184, 'rmse': 23.5564636474264, 'r2': 0.730273011985536, 'bias': 2.7778615557713047}
Val metrics: {'mae': 12.526940218395948, 'rmse': 22.999906983302388, 'r2': 0.7428678538650311, 'bias': 1.9228344024135673}
Val metrics: {'mae': 12.31389023573758, 'rmse': 22.89291800825811, 'r2': 0.7452545000162059, 'bias': 2.1100063581756787}
Val metrics: {'mae': 12.246816682119812, 'rmse': 23.231614782543385, 'r2': 0.7376609080696155, 'bias': 2.0308156837857014}
Val metrics: {'mae': 12.30597027031946, 'rmse': 23.309840384964552, 'r2': 0.7358912348060344, 'bias': 1.958148513282987}
Val metrics: {'mae': 12.426267798324083, 'rmse': 23.44569137915166, 'r2': 0.732803784066616, 'bias': 2.2407406493702484}
Raw test metrics: {'mae': 14.676877388853173, 'rmse': 27.986198242615103, 'r2': 0.6315195103664631, 'bias': 4.589757265273325}
Calibration: {'mode': 'linear', 'slope': 0.923549234867096, 'intercept': 2.5053038597106934, 'val_metrics_raw': {'mae': 12.133703479077596, 'rmse': 22.850834808745972, 'r2': 0.7461902175287894, 'bias': 1.3267549718003506}, 'val_metrics_calibrated': {'mae': 14.123030924153774, 'rmse': 22.578669090928223, 'r2': 0.7522002335523373, 'bias': -9.383809337395925e-07}}
Calibrated test metrics: {'mae': 16.545359669550184, 'rmse': 27.36939779593779, 'r2': 0.6475827410500082, 'bias': 3.4826102195229733}
Using device: cuda
Saved prediction to /home/nabinadhikari/tree_canopy_project/runs/20260427_134448/unet_consistency_2023/pred_2023.tif
{'model': {'mae': 16.41121012030503, 'rmse': 26.717792413796015, 'r2': 0.6618452221838522, 'bias': 3.5671447640488796}, 'nlcd': {'mae': 17.433449704331746, 'rmse': 29.605261491812495, 'r2': 0.584804929806954, 'bias': -6.463183539326043}}
== Prithvi 100M baseline ==
[ALIGN LABEL] -> NLCD grid
[ALIGN LABEL] -> NLCD grid
Using device: cuda

Prithvi checkpoint loaded
Loaded keys: 148
Missing keys: 2
Unexpected keys: 0

Val metrics: {'mae': 24.936429678697277, 'rmse': 35.90651077025566, 'r2': 0.373313088815463, 'bias': -2.4381996313321976}
Val metrics: {'mae': 24.1831173716794, 'rmse': 36.02537043614989, 'r2': 0.3691572361836284, 'bias': -0.5487977829354741}
Val metrics: {'mae': 24.413279636809378, 'rmse': 35.63990180394246, 'r2': 0.3825849480385546, 'bias': -1.6011357836604028}
Val metrics: {'mae': 24.687324197145383, 'rmse': 35.43636964634601, 'r2': 0.3896166732225331, 'bias': 1.5152658750360328}
Val metrics: {'mae': 24.421383690463404, 'rmse': 35.44866999893008, 'r2': 0.3891928581845824, 'bias': -1.3696649023249192}
Val metrics: {'mae': 24.254814743699175, 'rmse': 35.3939836524287, 'r2': 0.39107597796847193, 'bias': 0.05646588236681764}
Val metrics: {'mae': 23.906453138191996, 'rmse': 35.67378468108602, 'r2': 0.38141043623994864, 'bias': -0.7753729358681347}
Val metrics: {'mae': 23.8461864661882, 'rmse': 35.57259275292229, 'r2': 0.38491482980267033, 'bias': -0.09181722978264382}
Val metrics: {'mae': 24.18825184272903, 'rmse': 35.48032056805083, 'r2': 0.38810164521738133, 'bias': -0.13416082225020076}
Val metrics: {'mae': 23.874196369237787, 'rmse': 35.48059431403331, 'r2': 0.3880922030612898, 'bias': -1.2246199207867394}
Val metrics: {'mae': 23.50895505172166, 'rmse': 35.80553209522297, 'r2': 0.3768329535783853, 'bias': -0.9673897058701469}
Val metrics: {'mae': 23.713682846322545, 'rmse': 35.49982401360509, 'r2': 0.3874287422595645, 'bias': 1.95050490142977}
Val metrics: {'mae': 23.459997723219665, 'rmse': 35.63632489417822, 'r2': 0.3827088724600032, 'bias': -1.150422501500344}
Val metrics: {'mae': 23.439217514501323, 'rmse': 35.659621335672874, 'r2': 0.38190152842523195, 'bias': -1.2022718331422961}
Val metrics: {'mae': 23.650421023413035, 'rmse': 35.58182129283719, 'r2': 0.38459564731376716, 'bias': -1.7483633482367256}
Val metrics: {'mae': 23.383023908433298, 'rmse': 35.58288620311526, 'r2': 0.3845588105132126, 'bias': -1.484945430460771}
Val metrics: {'mae': 23.333221665761037, 'rmse': 35.618555945637766, 'r2': 0.38332430515305316, 'bias': -0.22978752906641203}
Val metrics: {'mae': 23.147262891889827, 'rmse': 35.90445981921572, 'r2': 0.3733846784763277, 'bias': -0.07739414028550688}
Val metrics: {'mae': 23.360248393217837, 'rmse': 35.656649529325854, 'r2': 0.38200454648047144, 'bias': -1.3314581223006563}
Val metrics: {'mae': 23.293821807482452, 'rmse': 35.646212883783754, 'r2': 0.3823662661404523, 'bias': -0.39854567653916806}
Val metrics: {'mae': 23.495022956672646, 'rmse': 35.5975906706266, 'r2': 0.3840500488121298, 'bias': 0.9788956204481658}
Val metrics: {'mae': 23.02580249587227, 'rmse': 35.83461810926357, 'r2': 0.37582010409121325, 'bias': -0.5214786852463998}
Val metrics: {'mae': 23.234565119019546, 'rmse': 35.738881310989775, 'r2': 0.37915080293432846, 'bias': -0.4273709410771085}
Val metrics: {'mae': 23.2347897063925, 'rmse': 35.72979381972425, 'r2': 0.37946649520810505, 'bias': 0.20254375913176811}
Val metrics: {'mae': 23.198876381004393, 'rmse': 35.77080025278341, 'r2': 0.37804132787398925, 'bias': -0.6093528560788191}
Val metrics: {'mae': 23.16111263726231, 'rmse': 35.77797773875362, 'r2': 0.37779170821341956, 'bias': -0.20623681315926876}
Val metrics: {'mae': 23.158421434973523, 'rmse': 35.75731765679022, 'r2': 0.37851009217916143, 'bias': -0.44335577160980744}
Val metrics: {'mae': 23.154191016290664, 'rmse': 35.77537096089217, 'r2': 0.37788237290801174, 'bias': -0.5789304155456617}
Val metrics: {'mae': 23.156529113002946, 'rmse': 35.80920653740036, 'r2': 0.3767050454794616, 'bias': -0.5801506603305985}
Val metrics: {'mae': 23.209088840086363, 'rmse': 35.771776984843726, 'r2': 0.37800736188694006, 'bias': 0.006724316401733248}
Val metrics: {'mae': 23.055730284248966, 'rmse': 35.848433285582324, 'r2': 0.37533873618515623, 'bias': -0.5455666113364074}
Val metrics: {'mae': 23.146548938589323, 'rmse': 35.829871654268466, 'r2': 0.3759854439627415, 'bias': -0.4693087580501837}
Val metrics: {'mae': 23.13520620439412, 'rmse': 35.81151168928851, 'r2': 0.37662479596121934, 'bias': -0.37279605097037266}
Val metrics: {'mae': 23.130488170302904, 'rmse': 35.79581633787427, 'r2': 0.3771710978825219, 'bias': -0.5032393619243812}
Val metrics: {'mae': 23.10725657236534, 'rmse': 35.80069958968861, 'r2': 0.3770011541218895, 'bias': -0.6856843189975939}
Val metrics: {'mae': 23.11121832572805, 'rmse': 35.81957883068298, 'r2': 0.3763439129662016, 'bias': -0.5151979558381294}
Val metrics: {'mae': 23.091643963211375, 'rmse': 35.841948414761106, 'r2': 0.37556471432917626, 'bias': -0.5631519971822636}
Val metrics: {'mae': 23.09678725961811, 'rmse': 35.85047061811322, 'r2': 0.37526773286589055, 'bias': -0.4990595846484575}
Val metrics: {'mae': 23.101808130638823, 'rmse': 35.863655758860624, 'r2': 0.3748081183910231, 'bias': -0.433132595753092}
Val metrics: {'mae': 23.109651360776027, 'rmse': 35.822300141826894, 'r2': 0.3762491476571699, 'bias': -0.4745699471910727}
Raw test metrics: {'mae': 26.55047515016242, 'rmse': 38.726003956410686, 'r2': 0.2944430789693322, 'bias': 7.048693778407937}
Calibration: {'mode': 'linear', 'slope': 0.797326922416687, 'intercept': 9.84497356414795, 'val_metrics_raw': {'mae': 24.254814743699175, 'rmse': 35.3939836524287, 'r2': 0.39107597796847193, 'bias': 0.05646588236681764}, 'val_metrics_calibrated': {'mae': 27.539244909857597, 'rmse': 34.599927670612075, 'r2': 0.4180916390964229, 'bias': -1.6449557088424678e-06}}
Calibrated test metrics: {'mae': 29.844493056001735, 'rmse': 37.55666641262661, 'r2': 0.3364085852374882, 'bias': 6.818601575785031}
Using device: cuda
Saved prediction to /home/nabinadhikari/tree_canopy_project/runs/20260427_134448/prithvi_100m_2023/pred_2023.tif
{'model': {'mae': 29.478177059434998, 'rmse': 36.785772411974605, 'r2': 0.3589762142180297, 'bias': 5.822958740433843}, 'nlcd': {'mae': 17.433449704331746, 'rmse': 29.605261491812495, 'r2': 0.584804929806954, 'bias': -6.463183539326043}}
== Prithvi 100M + consistency ==
[ALIGN LABEL] -> NLCD grid
[ALIGN LABEL] -> NLCD grid
Using device: cuda

Prithvi checkpoint loaded
Loaded keys: 148
Missing keys: 2
Unexpected keys: 0

Val metrics: {'mae': 24.98884529423421, 'rmse': 36.02801796664237, 'r2': 0.3690645105958472, 'bias': -0.20352110369347534}
Val metrics: {'mae': 24.473861419558315, 'rmse': 36.107181039503786, 'r2': 0.3662888005741014, 'bias': -1.9087504874969154}
Val metrics: {'mae': 24.859108809741713, 'rmse': 35.46845001688158, 'r2': 0.3885110189512332, 'bias': -0.08359782903282259}
Val metrics: {'mae': 24.416007739607203, 'rmse': 36.189028224679525, 'r2': 0.3634125713819879, 'bias': 4.553644005477784}
Val metrics: {'mae': 24.04208354534768, 'rmse': 35.70499856003094, 'r2': 0.38032745459102135, 'bias': 1.7937314604758121}
Val metrics: {'mae': 24.217574951395147, 'rmse': 35.41509923778341, 'r2': 0.3903492091095926, 'bias': -0.3003705667281578}
Val metrics: {'mae': 24.1128819271852, 'rmse': 35.617859270217664, 'r2': 0.38334842845540495, 'bias': -2.1491116564882313}
Val metrics: {'mae': 23.78220793485894, 'rmse': 35.69929105145525, 'r2': 0.3805255503103222, 'bias': 0.135134498912569}
Val metrics: {'mae': 23.86783384077546, 'rmse': 35.67769270285908, 'r2': 0.3812748972765092, 'bias': -1.721143757856747}
Val metrics: {'mae': 24.296156273875454, 'rmse': 35.37932660035716, 'r2': 0.3915801983019388, 'bias': 2.4547185567919576}
Val metrics: {'mae': 23.598962517155858, 'rmse': 35.85164876643432, 'r2': 0.3752266712366874, 'bias': 0.19695956633310083}
Val metrics: {'mae': 23.63375308827367, 'rmse': 35.94202754481585, 'r2': 0.3720727061985075, 'bias': -2.568999686306012}
Val metrics: {'mae': 23.918919944564983, 'rmse': 35.94129099436498, 'r2': 0.37209844183024643, 'bias': -3.7366796690483683}
Val metrics: {'mae': 23.986641914213827, 'rmse': 35.56374389131622, 'r2': 0.3852208028096098, 'bias': 3.0196026263181177}
Val metrics: {'mae': 23.844019362134762, 'rmse': 35.311969060110805, 'r2': 0.39389469399153965, 'bias': -0.5695406850937637}
Val metrics: {'mae': 23.306265839460536, 'rmse': 35.77496735233883, 'r2': 0.37789640997163165, 'bias': -1.7087602236241088}
Val metrics: {'mae': 23.536899698671895, 'rmse': 35.51253887519145, 'r2': 0.3869898581913662, 'bias': -1.76319675885328}
Val metrics: {'mae': 23.453086914430493, 'rmse': 36.035012741727215, 'r2': 0.36881949682584314, 'bias': -3.5011219340918958}
Val metrics: {'mae': 23.09144560050252, 'rmse': 36.24067931131025, 'r2': 0.36159412537938185, 'bias': -3.553535009515501}
Val metrics: {'mae': 23.57605602277386, 'rmse': 35.747878625811715, 'r2': 0.37883816422731087, 'bias': -1.2825682052088674}
Val metrics: {'mae': 23.39897299564186, 'rmse': 35.75758455271284, 'r2': 0.37850081442835326, 'bias': -1.825975495133049}
Val metrics: {'mae': 23.42725124953376, 'rmse': 35.486086912138845, 'r2': 0.3879027347719688, 'bias': -1.1635921267336695}
Val metrics: {'mae': 23.27701065141541, 'rmse': 35.58251989257853, 'r2': 0.38457148185362844, 'bias': -0.8857667453228231}
Val metrics: {'mae': 23.305223229396454, 'rmse': 35.61178775390618, 'r2': 0.38355864271560025, 'bias': 0.17917626836959777}
Val metrics: {'mae': 23.229701510382867, 'rmse': 35.58149626313033, 'r2': 0.3846068903460518, 'bias': 0.25062770263639633}
Val metrics: {'mae': 23.135544091641847, 'rmse': 35.69060308420725, 'r2': 0.380827030741931, 'bias': -1.4297918758697739}
Val metrics: {'mae': 23.03080038986017, 'rmse': 35.7814863739638, 'r2': 0.3776696661582991, 'bias': -1.5148862577176256}
Val metrics: {'mae': 23.128887896913383, 'rmse': 35.65967494643872, 'r2': 0.38189966992219126, 'bias': -1.2904457337529234}
Val metrics: {'mae': 23.20252597137949, 'rmse': 35.64891179020471, 'r2': 0.3822727359379329, 'bias': -0.9255514205073819}
Val metrics: {'mae': 23.009028953669578, 'rmse': 35.79342833894736, 'r2': 0.37725419503137514, 'bias': -0.9746897049258255}
Val metrics: {'mae': 23.063868047641616, 'rmse': 35.67250093335251, 'r2': 0.3814549562520064, 'bias': -1.3601633010190795}
Val metrics: {'mae': 23.104005394466572, 'rmse': 35.69460030396953, 'r2': 0.3806883326640609, 'bias': -1.4165551129446843}
Val metrics: {'mae': 23.13543481612852, 'rmse': 35.6590082948093, 'r2': 0.3819227802697275, 'bias': -1.0035167517916312}
Val metrics: {'mae': 23.166709285360152, 'rmse': 35.54892445808018, 'r2': 0.3857330537741186, 'bias': -0.466804556278126}
Val metrics: {'mae': 23.033966866228972, 'rmse': 35.75216029663819, 'r2': 0.378689357087461, 'bias': -1.7442692437639504}
Val metrics: {'mae': 23.036090322784396, 'rmse': 35.70815376078361, 'r2': 0.3802179305608129, 'bias': -1.2419593247658596}
Val metrics: {'mae': 23.055685567172052, 'rmse': 35.70041252997232, 'r2': 0.3804866286298617, 'bias': -0.9290043218517451}
Val metrics: {'mae': 23.07497912335374, 'rmse': 35.66530724261521, 'r2': 0.38170440179025866, 'bias': -0.8915710073912976}
Val metrics: {'mae': 23.039699581286193, 'rmse': 35.6997891644868, 'r2': 0.3805082631071455, 'bias': -1.1318017112608503}
Val metrics: {'mae': 23.050084183037963, 'rmse': 35.700554333523975, 'r2': 0.38048170715335194, 'bias': -0.8336863512473073}
Raw test metrics: {'mae': 26.563771652197932, 'rmse': 39.03876494753034, 'r2': 0.2830005465433514, 'bias': 7.616550515301465}
Calibration: {'mode': 'linear', 'slope': 0.790988564491272, 'intercept': 10.64979362487793, 'val_metrics_raw': {'mae': 23.844019362134762, 'rmse': 35.311969060110805, 'r2': 0.39389469399153965, 'bias': -0.5695406850937637}, 'val_metrics_calibrated': {'mae': 27.3055406046134, 'rmse': 34.43483002691902, 'r2': 0.4236316790300232, 'bias': 2.753804228910925e-08}}
Calibrated test metrics: {'mae': 30.012978568233493, 'rmse': 37.82703467623291, 'r2': 0.3268198825407792, 'bias': 7.75750567605063}
Using device: cuda
Saved prediction to /home/nabinadhikari/tree_canopy_project/runs/20260427_134448/prithvi_consistency_2023/pred_2023.tif
{'model': {'mae': 29.523967018441702, 'rmse': 37.10882940951841, 'r2': 0.3476676816979736, 'bias': 6.996424882793367}, 'nlcd': {'mae': 17.433449704331746, 'rmse': 29.605261491812495, 'r2': 0.584804929806954, 'bias': -6.463183539326043}}
Pipeline finished successfully.
